0 0 11.00000000 1.00000000 0.00000000 0.12500000
0 1 19.00000000 11.00000000 -0.12500000 0.00000000
0 2 9.00000000 19.00000000 0.00000000 -0.12500000
0 3 1.00000000 9.00000000 0.12500000 0.00000000
1 0 11.00000000 1.12500000 0.00000000 0.12500000
1 1 18.87500000 11.00000000 -0.12500000 0.00000000
1 2 9.00000000 18.87500000 0.00000000 -0.12500000
1 3 1.12500000 9.00000000 0.12500000 0.00000000
2 0 11.00000000 1.25000000 0.00000000 0.12500000
2 1 18.75000000 11.00000000 -0.12500000 0.00000000
2 2 9.00000000 18.75000000 0.00000000 -0.12500000
2 3 1.25000000 9.00000000 0.12500000 0.00000000
3 0 11.00000000 1.37500000 0.00000000 0.12500000
3 1 18.62500000 11.00000000 -0.12500000 0.00000000
3 2 9.00000000 18.62500000 0.00000000 -0.12500000
3 3 1.37500000 9.00000000 0.12500000 0.00000000
4 0 11.00000000 1.50000000 0.00000000 0.12500000
4 1 18.50000000 11.00000000 -0.12500000 0.00000000
4 2 9.00000000 18.50000000 0.00000000 -0.12500000
4 3 1.50000000 9.00000000 0.12500000 0.00000000
5 0 11.00000000 1.62500000 0.00000000 0.12500000
5 1 18.37500000 11.00000000 -0.12500000 0.00000000
5 2 9.00000000 18.37500000 0.00000000 -0.12500000
5 3 1.62500000 9.00000000 0.12500000 0.00000000
6 0 11.00000000 1.75000000 0.00000000 0.12500000
6 1 18.25000000 11.00000000 -0.12500000 0.00000000
6 2 9.00000000 18.25000000 0.00000000 -0.12500000
6 3 1.75000000 9.00000000 0.12500000 0.00000000
7 0 11.00000000 1.87500000 0.00000000 0.12500000
7 1 18.12500000 11.00000000 -0.12500000 0.00000000
7 2 9.00000000 18.12500000 0.00000000 -0.12500000
7 3 1.87500000 9.00000000 0.12500000 0.00000000
8 0 11.00000000 2.00000000 0.00000000 0.12500000
8 1 18.00000000 11.00000000 -0.12500000 0.00000000
8 2 9.00000000 18.00000000 0.00000000 -0.12500000
8 3 2.00000000 9.00000000 0.12500000 0.00000000
9 0 11.00000000 2.12500000 0.00000000 0.12500000
9 1 17.87500000 11.00000000 -0.12500000 0.00000000
9 2 9.00000000 17.87500000 0.00000000 -0.12500000
9 3 2.12500000 9.00000000 0.12500000 0.00000000
10 0 11.00000000 2.25000000 0.00000000 0.12500000
10 1 17.75000000 11.00000000 -0.12500000 0.00000000
10 2 9.00000000 17.75000000 0.00000000 -0.12500000
10 3 2.25000000 9.00000000 0.12500000 0.00000000
11 0 11.00000000 2.37500000 0.00000000 0.12500000
11 1 17.62500000 11.00000000 -0.12500000 0.00000000
11 2 9.00000000 17.62500000 0.00000000 -0.12500000
11 3 2.37500000 9.00000000 0.12500000 0.00000000
12 0 11.00000000 2.50000000 0.00000000 0.12500000
12 1 17.50000000 11.00000000 -0.12500000 0.00000000
12 2 9.00000000 17.50000000 0.00000000 -0.12500000
12 3 2.50000000 9.00000000 0.12500000 0.00000000
13 0 11.00000000 2.62500000 0.00000000 0.12500000
13 1 17.37500000 11.00000000 -0.12500000 0.00000000
13 2 9.00000000 17.37500000 0.00000000 -0.12500000
13 3 2.62500000 9.00000000 0.12500000 0.00000000
14 0 11.00000000 2.75000000 0.00000000 0.12500000
14 1 17.25000000 11.00000000 -0.12500000 0.00000000
14 2 9.00000000 17.25000000 0.00000000 -0.12500000
14 3 2.75000000 9.00000000 0.12500000 0.00000000
15 0 11.00000000 2.87500000 0.00000000 0.12500000
15 1 17.12500000 11.00000000 -0.12500000 0.00000000
15 2 9.00000000 17.12500000 0.00000000 -0.12500000
15 3 2.87500000 9.00000000 0.12500000 0.00000000
16 0 11.00000000 3.00000000 0.00000000 0.12500000
16 1 17.00000000 11.00000000 -0.12500000 0.00000000
16 2 9.00000000 17.00000000 0.00000000 -0.12500000
16 3 3.00000000 9.00000000 0.12500000 0.00000000
17 0 11.00000000 3.12500000 0.00000000 0.12500000
17 1 16.87500000 11.00000000 -0.12500000 0.00000000
17 2 9.00000000 16.87500000 0.00000000 -0.12500000
17 3 3.12500000 9.00000000 0.12500000 0.00000000
18 0 11.00000000 3.25000000 0.00000000 0.12500000
18 1 16.75000000 11.00000000 -0.12500000 0.00000000
18 2 9.00000000 16.75000000 0.00000000 -0.12500000
18 3 3.25000000 9.00000000 0.12500000 0.00000000
19 0 11.00000000 3.37500000 0.00000000 0.12500000
19 1 16.62500000 11.00000000 -0.12500000 0.00000000
19 2 9.00000000 16.62500000 0.00000000 -0.12500000
19 3 3.37500000 9.00000000 0.12500000 0.00000000
20 0 11.00000000 3.50000000 0.00000000 0.12500000
20 1 16.50000000 11.00000000 -0.12500000 0.00000000
20 2 9.00000000 16.50000000 0.00000000 -0.12500000
20 3 3.50000000 9.00000000 0.12500000 0.00000000
21 0 11.00000000 3.62500000 0.00000000 0.12500000
21 1 16.37500000 11.00000000 -0.12500000 0.00000000
21 2 9.00000000 16.37500000 0.00000000 -0.12500000
21 3 3.62500000 9.00000000 0.12500000 0.00000000
22 0 11.00000000 3.75000000 0.00000000 0.12500000
22 1 16.25000000 11.00000000 -0.12500000 0.00000000
22 2 9.00000000 16.25000000 0.00000000 -0.12500000
22 3 3.75000000 9.00000000 0.12500000 0.00000000
23 0 11.00000000 3.87500000 0.00000000 0.12500000
23 1 16.12500000 11.00000000 -0.12500000 0.00000000
23 2 9.00000000 16.12500000 0.00000000 -0.12500000
23 3 3.87500000 9.00000000 0.12500000 0.00000000
24 0 11.00000000 4.00000000 0.00000000 0.12500000
24 1 16.00000000 11.00000000 -0.12500000 0.00000000
24 2 9.00000000 16.00000000 0.00000000 -0.12500000
24 3 4.00000000 9.00000000 0.12500000 0.00000000
25 0 11.00000000 4.12500000 0.00000000 0.12500000
25 1 15.87500000 11.00000000 -0.12500000 0.00000000
25 2 9.00000000 15.87500000 0.00000000 -0.12500000
25 3 4.12500000 9.00000000 0.12500000 0.00000000
26 0 11.00000000 4.25000000 0.00000000 0.12500000
26 1 15.75000000 11.00000000 -0.12500000 0.00000000
26 2 9.00000000 15.75000000 0.00000000 -0.12500000
26 3 4.25000000 9.00000000 0.12500000 0.00000000
27 0 11.00000000 4.37500000 0.00000000 0.12500000
27 1 15.62500000 11.00000000 -0.12500000 0.00000000
27 2 9.00000000 15.62500000 0.00000000 -0.12500000
27 3 4.37500000 9.00000000 0.12500000 0.00000000
28 0 11.00000000 4.50000000 0.00000000 0.12500000
28 1 15.50000000 11.00000000 -0.12500000 0.00000000
28 2 9.00000000 15.50000000 0.00000000 -0.12500000
28 3 4.50000000 9.00000000 0.12500000 0.00000000
29 0 11.00000000 4.62500000 0.00000000 0.12500000
29 1 15.37500000 11.00000000 -0.12500000 0.00000000
29 2 9.00000000 15.37500000 0.00000000 -0.12500000
29 3 4.62500000 9.00000000 0.12500000 0.00000000
30 0 11.00000000 4.75000000 0.00000000 0.12500000
30 1 15.25000000 11.00000000 -0.12500000 0.00000000
30 2 9.00000000 15.25000000 0.00000000 -0.12500000
30 3 4.75000000 9.00000000 0.12500000 0.00000000
31 0 11.00000000 4.87500000 0.00000000 0.12500000
31 1 15.12500000 11.00000000 -0.12500000 0.00000000
31 2 9.00000000 15.12500000 0.00000000 -0.12500000
31 3 4.87500000 9.00000000 0.12500000 0.00000000
32 0 11.00000000 5.00000000 0.00000000 0.12500000
32 1 15.00000000 11.00000000 -0.12500000 0.00000000
32 2 9.00000000 15.00000000 0.00000000 -0.12500000
32 3 5.00000000 9.00000000 0.12500000 0.00000000
33 0 11.00000000 5.12500000 0.00000000 0.12500000
33 1 14.87500000 11.00000000 -0.12500000 0.00000000
33 2 9.00000000 14.87500000 0.00000000 -0.12500000
33 3 5.12500000 9.00000000 0.12500000 0.00000000
34 0 11.00000000 5.25000000 0.00000000 0.12500000
34 1 14.75000000 11.00000000 -0.12500000 0.00000000
34 2 9.00000000 14.75000000 0.00000000 -0.12500000
34 3 5.25000000 9.00000000 0.12500000 0.00000000
35 0 11.00000000 5.37500000 0.00000000 0.12500000
35 1 14.62500000 11.00000000 -0.12500000 0.00000000
35 2 9.00000000 14.62500000 0.00000000 -0.12500000
35 3 5.37500000 9.00000000 0.12500000 0.00000000
36 0 11.00000000 5.50000000 0.00000000 0.12500000
36 1 14.50000000 11.00000000 -0.12500000 0.00000000
36 2 9.00000000 14.50000000 0.00000000 -0.12500000
36 3 5.50000000 9.00000000 0.12500000 0.00000000
37 0 11.00000000 5.62500000 0.00000000 0.12500000
37 1 14.37500000 11.00000000 -0.12500000 0.00000000
37 2 9.00000000 14.37500000 0.00000000 -0.12500000
37 3 5.62500000 9.00000000 0.12500000 0.00000000
38 0 11.00000000 5.75000000 0.00000000 0.12500000
38 1 14.25000000 11.00000000 -0.12500000 0.00000000
38 2 9.00000000 14.25000000 0.00000000 -0.12500000
38 3 5.75000000 9.00000000 0.12500000 0.00000000
39 0 11.00000000 5.87500000 0.00000000 0.12500000
39 1 14.12500000 11.00000000 -0.12500000 0.00000000
39 2 9.00000000 14.12500000 0.00000000 -0.12500000
39 3 5.87500000 9.00000000 0.12500000 0.00000000
40 0 11.00000000 6.00000000 0.00000000 0.12500000
40 1 14.00000000 11.00000000 -0.12500000 0.00000000
40 2 9.00000000 14.00000000 0.00000000 -0.12500000
40 3 6.00000000 9.00000000 0.12500000 0.00000000
41 0 11.00000000 6.12500000 0.00000000 0.12500000
41 1 13.87500000 11.00000000 -0.12500000 0.00000000
41 2 9.00000000 13.87500000 0.00000000 -0.12500000
41 3 6.12500000 9.00000000 0.12500000 0.00000000
42 0 11.00000000 6.25000000 0.00000000 0.12500000
42 1 13.75000000 11.00000000 -0.12500000 0.00000000
42 2 9.00000000 13.75000000 0.00000000 -0.12500000
42 3 6.25000000 9.00000000 0.12500000 0.00000000
43 0 11.00000000 6.37500000 0.00000000 0.12500000
43 1 13.62500000 11.00000000 -0.12500000 0.00000000
43 2 9.00000000 13.62500000 0.00000000 -0.12500000
43 3 6.37500000 9.00000000 0.12500000 0.00000000
44 0 11.00000000 6.50000000 0.00000000 0.12500000
44 1 13.50000000 11.00000000 -0.12500000 0.00000000
44 2 9.00000000 13.50000000 0.00000000 -0.12500000
44 3 6.50000000 9.00000000 0.12500000 0.00000000
45 0 11.00000000 6.62500000 0.00000000 0.12500000
45 1 13.37500000 11.00000000 -0.12500000 0.00000000
45 2 9.00000000 13.37500000 0.00000000 -0.12500000
45 3 6.62500000 9.00000000 0.12500000 0.00000000
46 0 11.00000000 6.75000000 0.00000000 0.12500000
46 1 13.25000000 11.00000000 -0.12500000 0.00000000
46 2 9.00000000 13.25000000 0.00000000 -0.12500000
46 3 6.75000000 9.00000000 0.12500000 0.00000000
47 0 11.00000000 6.87500000 0.00000000 0.12500000
47 1 13.12500000 11.00000000 -0.12500000 0.00000000
47 2 9.00000000 13.12500000 0.00000000 -0.12500000
47 3 6.87500000 9.00000000 0.12500000 0.00000000
48 0 11.00000000 7.00000000 0.00000000 0.12500000
48 1 13.00000000 11.00000000 -0.12500000 0.00000000
48 2 9.00000000 13.00000000 0.00000000 -0.12500000
48 3 7.00000000 9.00000000 0.12500000 0.00000000
49 0 11.00000000 7.12500000 0.00000000 0.12500000
49 1 12.87500000 11.00000000 -0.12500000 0.00000000
49 2 9.00000000 12.87500000 0.00000000 -0.12500000
49 3 7.12500000 9.00000000 0.12500000 0.00000000
50 0 11.00000000 7.25000000 0.00000000 0.12500000
50 1 12.75000000 11.00000000 -0.12500000 0.00000000
50 2 9.00000000 12.75000000 0.00000000 -0.12500000
50 3 7.25000000 9.00000000 0.12500000 0.00000000
51 0 11.00000000 7.37500000 0.00000000 0.12500000
51 1 12.62500000 11.00000000 -0.12500000 0.00000000
51 2 9.00000000 12.62500000 0.00000000 -0.12500000
51 3 7.37500000 9.00000000 0.12500000 0.00000000
52 0 11.00000000 7.50000000 0.00000000 0.12500000
52 1 12.50000000 11.00000000 -0.12500000 0.00000000
52 2 9.00000000 12.50000000 0.00000000 -0.12500000
52 3 7.50000000 9.00000000 0.12500000 0.00000000
53 0 11.00000000 7.62500000 0.00000000 0.12500000
53 1 12.37500000 11.00000000 -0.12500000 0.00000000
53 2 9.00000000 12.37500000 0.00000000 -0.12500000
53 3 7.62500000 9.00000000 0.12500000 0.00000000
54 0 11.00000000 7.75000000 0.00000000 0.12500000
54 1 12.25000000 11.00000000 -0.12500000 0.00000000
54 2 9.00000000 12.25000000 0.00000000 -0.12500000
54 3 7.75000000 9.00000000 0.12500000 0.00000000
55 0 11.00000000 7.87500000 0.00000000 0.12500000
55 1 12.12500000 11.00000000 -0.12500000 0.00000000
55 2 9.00000000 12.12500000 0.00000000 -0.12500000
55 3 7.87500000 9.00000000 0.12500000 0.00000000
56 0 11.00000000 8.00000000 0.00000000 0.12500000
56 1 12.00000000 11.00000000 -0.12500000 0.00000000
56 2 9.00000000 12.00000000 0.00000000 -0.12500000
56 3 8.00000000 9.00000000 0.12500000 0.00000000
57 0 11.00000000 8.12500000 0.00000000 0.12500000
57 1 11.87500000 11.00000000 -0.12500000 0.00000000
57 2 9.00000000 11.87500000 0.00000000 -0.12500000
57 3 8.12500000 9.00000000 0.12500000 0.00000000
58 0 11.00000000 8.25000000 0.00000000 0.12500000
58 1 11.75000000 11.00000000 -0.12500000 0.00000000
58 2 9.00000000 11.75000000 0.00000000 -0.12500000
58 3 8.25000000 9.00000000 0.12500000 0.00000000
59 0 11.00000000 8.37500000 0.00000000 0.12500000
59 1 11.62500000 11.00000000 -0.12500000 0.00000000
59 2 9.00000000 11.62500000 0.00000000 -0.12500000
59 3 8.37500000 9.00000000 0.12500000 0.00000000
60 0 11.00000000 8.50000000 0.00000000 0.12500000
60 1 11.50000000 11.00000000 -0.12500000 0.00000000
60 2 9.00000000 11.50000000 0.00000000 -0.12500000
60 3 8.50000000 9.00000000 0.12500000 0.00000000
61 0 11.00000000 8.62500000 0.00000000 0.12500000
61 1 11.37500000 11.00000000 -0.12500000 0.00000000
61 2 9.00000000 11.37500000 0.00000000 -0.12500000
61 3 8.62500000 9.00000000 0.12500000 0.00000000
62 0 11.00000000 8.75000000 0.00000000 0.12500000
62 1 11.25000000 11.00000000 -0.12500000 0.00000000
62 2 9.00000000 11.25000000 0.00000000 -0.12500000
62 3 8.75000000 9.00000000 0.12500000 0.00000000
63 0 11.00000000 8.87500000 0.00000000 0.12500000
63 1 11.12500000 11.00000000 -0.12500000 0.00000000
63 2 9.00000000 11.12500000 0.00000000 -0.12500000
63 3 8.87500000 9.00000000 0.12500000 0.00000000
64 0 11.00000000 9.00000000 0.00000000 0.00000000
64 1 11.00000000 11.00000000 -0.12500000 0.12500000
64 2 9.00000000 11.00000000 0.00000000 0.00000000
64 3 9.00000000 9.00000000 0.12500000 -0.12500000
65 0 11.12500000 9.00000000 0.12500000 0.00000000
65 1 11.00000000 11.12500000 0.00000000 0.12500000
65 2 8.87500000 11.00000000 -0.12500000 0.00000000
65 3 9.00000000 8.87500000 -0.00000000 -0.12500000
66 0 11.25000000 9.00000000 0.12500000 0.00000000
66 1 11.00000000 11.25000000 0.00000000 0.12500000
66 2 8.75000000 11.00000000 -0.12500000 0.00000000
66 3 9.00000000 8.75000000 -0.00000000 -0.12500000
67 0 11.37500000 9.00000000 0.12500000 0.00000000
67 1 11.00000000 11.37500000 0.00000000 0.12500000
67 2 8.62500000 11.00000000 -0.12500000 0.00000000
67 3 9.00000000 8.62500000 -0.00000000 -0.12500000
68 0 11.50000000 9.00000000 0.12500000 0.00000000
68 1 11.00000000 11.50000000 0.00000000 0.12500000
68 2 8.50000000 11.00000000 -0.12500000 0.00000000
68 3 9.00000000 8.50000000 -0.00000000 -0.12500000
69 0 11.62500000 9.00000000 0.12500000 0.00000000
69 1 11.00000000 11.62500000 0.00000000 0.12500000
69 2 8.37500000 11.00000000 -0.12500000 0.00000000
69 3 9.00000000 8.37500000 -0.00000000 -0.12500000
70 0 11.75000000 9.00000000 0.12500000 0.00000000
70 1 11.00000000 11.75000000 0.00000000 0.12500000
70 2 8.25000000 11.00000000 -0.12500000 0.00000000
70 3 9.00000000 8.25000000 -0.00000000 -0.12500000
71 0 11.87500000 9.00000000 0.12500000 0.00000000
71 1 11.00000000 11.87500000 0.00000000 0.12500000
71 2 8.12500000 11.00000000 -0.12500000 0.00000000
71 3 9.00000000 8.12500000 -0.00000000 -0.12500000
72 0 12.00000000 9.00000000 0.12500000 0.00000000
72 1 11.00000000 12.00000000 0.00000000 0.12500000
72 2 8.00000000 11.00000000 -0.12500000 0.00000000
72 3 9.00000000 8.00000000 -0.00000000 -0.12500000
73 0 12.12500000 9.00000000 0.12500000 0.00000000
73 1 11.00000000 12.12500000 0.00000000 0.12500000
73 2 7.87500000 11.00000000 -0.12500000 0.00000000
73 3 9.00000000 7.87500000 -0.00000000 -0.12500000
74 0 12.25000000 9.00000000 0.12500000 0.00000000
74 1 11.00000000 12.25000000 0.00000000 0.12500000
74 2 7.75000000 11.00000000 -0.12500000 0.00000000
74 3 9.00000000 7.75000000 -0.00000000 -0.12500000
75 0 12.37500000 9.00000000 0.12500000 0.00000000
75 1 11.00000000 12.37500000 0.00000000 0.12500000
75 2 7.62500000 11.00000000 -0.12500000 0.00000000
75 3 9.00000000 7.62500000 -0.00000000 -0.12500000
76 0 12.50000000 9.00000000 0.12500000 0.00000000
76 1 11.00000000 12.50000000 0.00000000 0.12500000
76 2 7.50000000 11.00000000 -0.12500000 0.00000000
76 3 9.00000000 7.50000000 -0.00000000 -0.12500000
77 0 12.62500000 9.00000000 0.12500000 0.00000000
77 1 11.00000000 12.62500000 0.00000000 0.12500000
77 2 7.37500000 11.00000000 -0.12500000 0.00000000
77 3 9.00000000 7.37500000 -0.00000000 -0.12500000
78 0 12.75000000 9.00000000 0.12500000 0.00000000
78 1 11.00000000 12.75000000 0.00000000 0.12500000
78 2 7.25000000 11.00000000 -0.12500000 0.00000000
78 3 9.00000000 7.25000000 -0.00000000 -0.12500000
79 0 12.87500000 9.00000000 0.12500000 0.00000000
79 1 11.00000000 12.87500000 0.00000000 0.12500000
79 2 7.12500000 11.00000000 -0.12500000 0.00000000
79 3 9.00000000 7.12500000 -0.00000000 -0.12500000
80 0 13.00000000 9.00000000 0.12500000 0.00000000
80 1 11.00000000 13.00000000 0.00000000 0.12500000
80 2 7.00000000 11.00000000 -0.12500000 0.00000000
80 3 9.00000000 7.00000000 -0.00000000 -0.12500000
81 0 13.12500000 9.00000000 0.12500000 0.00000000
81 1 11.00000000 13.12500000 0.00000000 0.12500000
81 2 6.87500000 11.00000000 -0.12500000 0.00000000
81 3 9.00000000 6.87500000 -0.00000000 -0.12500000
82 0 13.25000000 9.00000000 0.12500000 0.00000000
82 1 11.00000000 13.25000000 0.00000000 0.12500000
82 2 6.75000000 11.00000000 -0.12500000 0.00000000
82 3 9.00000000 6.75000000 -0.00000000 -0.12500000
83 0 13.37500000 9.00000000 0.12500000 0.00000000
83 1 11.00000000 13.37500000 0.00000000 0.12500000
83 2 6.62500000 11.00000000 -0.12500000 0.00000000
83 3 9.00000000 6.62500000 -0.00000000 -0.12500000
84 0 13.50000000 9.00000000 0.12500000 0.00000000
84 1 11.00000000 13.50000000 0.00000000 0.12500000
84 2 6.50000000 11.00000000 -0.12500000 0.00000000
84 3 9.00000000 6.50000000 -0.00000000 -0.12500000
85 0 13.62500000 9.00000000 0.12500000 0.00000000
85 1 11.00000000 13.62500000 0.00000000 0.12500000
85 2 6.37500000 11.00000000 -0.12500000 0.00000000
85 3 9.00000000 6.37500000 -0.00000000 -0.12500000
86 0 13.75000000 9.00000000 0.12500000 0.00000000
86 1 11.00000000 13.75000000 0.00000000 0.12500000
86 2 6.25000000 11.00000000 -0.12500000 0.00000000
86 3 9.00000000 6.25000000 -0.00000000 -0.12500000
87 0 13.87500000 9.00000000 0.12500000 0.00000000
87 1 11.00000000 13.87500000 0.00000000 0.12500000
87 2 6.12500000 11.00000000 -0.12500000 0.00000000
87 3 9.00000000 6.12500000 -0.00000000 -0.12500000
88 0 14.00000000 9.00000000 0.12500000 0.00000000
88 1 11.00000000 14.00000000 0.00000000 0.12500000
88 2 6.00000000 11.00000000 -0.12500000 0.00000000
88 3 9.00000000 6.00000000 -0.00000000 -0.12500000
89 0 14.12500000 9.00000000 0.12500000 0.00000000
89 1 11.00000000 14.12500000 0.00000000 0.12500000
89 2 5.87500000 11.00000000 -0.12500000 0.00000000
89 3 9.00000000 5.87500000 -0.00000000 -0.12500000
90 0 14.25000000 9.00000000 0.12500000 0.00000000
90 1 11.00000000 14.25000000 0.00000000 0.12500000
90 2 5.75000000 11.00000000 -0.12500000 0.00000000
90 3 9.00000000 5.75000000 -0.00000000 -0.12500000
91 0 14.37500000 9.00000000 0.12500000 0.00000000
91 1 11.00000000 14.37500000 0.00000000 0.12500000
91 2 5.62500000 11.00000000 -0.12500000 0.00000000
91 3 9.00000000 5.62500000 -0.00000000 -0.12500000
92 0 14.50000000 9.00000000 0.12500000 0.00000000
92 1 11.00000000 14.50000000 0.00000000 0.12500000
92 2 5.50000000 11.00000000 -0.12500000 0.00000000
92 3 9.00000000 5.50000000 -0.00000000 -0.12500000
93 0 14.62500000 9.00000000 0.12500000 0.00000000
93 1 11.00000000 14.62500000 0.00000000 0.12500000
93 2 5.37500000 11.00000000 -0.12500000 0.00000000
93 3 9.00000000 5.37500000 -0.00000000 -0.12500000
94 0 14.75000000 9.00000000 0.12500000 0.00000000
94 1 11.00000000 14.75000000 0.00000000 0.12500000
94 2 5.25000000 11.00000000 -0.12500000 0.00000000
94 3 9.00000000 5.25000000 -0.00000000 -0.12500000
95 0 14.87500000 9.00000000 0.12500000 0.00000000
95 1 11.00000000 14.87500000 0.00000000 0.12500000
95 2 5.12500000 11.00000000 -0.12500000 0.00000000
95 3 9.00000000 5.12500000 -0.00000000 -0.12500000
96 0 15.00000000 9.00000000 0.12500000 0.00000000
96 1 11.00000000 15.00000000 0.00000000 0.12500000
96 2 5.00000000 11.00000000 -0.12500000 0.00000000
96 3 9.00000000 5.00000000 -0.00000000 -0.12500000
97 0 15.12500000 9.00000000 0.12500000 0.00000000
97 1 11.00000000 15.12500000 0.00000000 0.12500000
97 2 4.87500000 11.00000000 -0.12500000 0.00000000
97 3 9.00000000 4.87500000 -0.00000000 -0.12500000
98 0 15.25000000 9.00000000 0.12500000 0.00000000
98 1 11.00000000 15.25000000 0.00000000 0.12500000
98 2 4.75000000 11.00000000 -0.12500000 0.00000000
98 3 9.00000000 4.75000000 -0.00000000 -0.12500000
99 0 15.37500000 9.00000000 0.12500000 0.00000000
99 1 11.00000000 15.37500000 0.00000000 0.12500000
99 2 4.62500000 11.00000000 -0.12500000 0.00000000
99 3 9.00000000 4.62500000 -0.00000000 -0.12500000
100 0 15.50000000 9.00000000 0.12500000 0.00000000
100 1 11.00000000 15.50000000 0.00000000 0.12500000
100 2 4.50000000 11.00000000 -0.12500000 0.00000000
100 3 9.00000000 4.50000000 -0.00000000 -0.12500000
101 0 15.62500000 9.00000000 0.12500000 0.00000000
101 1 11.00000000 15.62500000 0.00000000 0.12500000
101 2 4.37500000 11.00000000 -0.12500000 0.00000000
101 3 9.00000000 4.37500000 -0.00000000 -0.12500000
102 0 15.75000000 9.00000000 0.12500000 0.00000000
102 1 11.00000000 15.75000000 0.00000000 0.12500000
102 2 4.25000000 11.00000000 -0.12500000 0.00000000
102 3 9.00000000 4.25000000 -0.00000000 -0.12500000
103 0 15.87500000 9.00000000 0.12500000 0.00000000
103 1 11.00000000 15.87500000 0.00000000 0.12500000
103 2 4.12500000 11.00000000 -0.12500000 0.00000000
103 3 9.00000000 4.12500000 -0.00000000 -0.12500000
104 0 16.00000000 9.00000000 0.12500000 0.00000000
104 1 11.00000000 16.00000000 0.00000000 0.12500000
104 2 4.00000000 11.00000000 -0.12500000 0.00000000
104 3 9.00000000 4.00000000 -0.00000000 -0.12500000
105 0 16.12500000 9.00000000 0.12500000 0.00000000
105 1 11.00000000 16.12500000 0.00000000 0.12500000
105 2 3.87500000 11.00000000 -0.12500000 0.00000000
105 3 9.00000000 3.87500000 -0.00000000 -0.12500000
106 0 16.25000000 9.00000000 0.12500000 0.00000000
106 1 11.00000000 16.25000000 0.00000000 0.12500000
106 2 3.75000000 11.00000000 -0.12500000 0.00000000
106 3 9.00000000 3.75000000 -0.00000000 -0.12500000
107 0 16.37500000 9.00000000 0.12500000 0.00000000
107 1 11.00000000 16.37500000 0.00000000 0.12500000
107 2 3.62500000 11.00000000 -0.12500000 0.00000000
107 3 9.00000000 3.62500000 -0.00000000 -0.12500000
108 0 16.50000000 9.00000000 0.12500000 0.00000000
108 1 11.00000000 16.50000000 0.00000000 0.12500000
108 2 3.50000000 11.00000000 -0.12500000 0.00000000
108 3 9.00000000 3.50000000 -0.00000000 -0.12500000
109 0 16.62500000 9.00000000 0.12500000 0.00000000
109 1 11.00000000 16.62500000 0.00000000 0.12500000
109 2 3.37500000 11.00000000 -0.12500000 0.00000000
109 3 9.00000000 3.37500000 -0.00000000 -0.12500000
110 0 16.75000000 9.00000000 0.12500000 0.00000000
110 1 11.00000000 16.75000000 0.00000000 0.12500000
110 2 3.25000000 11.00000000 -0.12500000 0.00000000
110 3 9.00000000 3.25000000 -0.00000000 -0.12500000
111 0 16.87500000 9.00000000 0.12500000 0.00000000
111 1 11.00000000 16.87500000 0.00000000 0.12500000
111 2 3.12500000 11.00000000 -0.12500000 0.00000000
111 3 9.00000000 3.12500000 -0.00000000 -0.12500000
112 0 17.00000000 9.00000000 0.12500000 0.00000000
112 1 11.00000000 17.00000000 0.00000000 0.12500000
112 2 3.00000000 11.00000000 -0.12500000 0.00000000
112 3 9.00000000 3.00000000 -0.00000000 -0.12500000
113 0 17.12500000 9.00000000 0.12500000 0.00000000
113 1 11.00000000 17.12500000 0.00000000 0.12500000
113 2 2.87500000 11.00000000 -0.12500000 0.00000000
113 3 9.00000000 2.87500000 -0.00000000 -0.12500000
114 0 17.25000000 9.00000000 0.12500000 0.00000000
114 1 11.00000000 17.25000000 0.00000000 0.12500000
114 2 2.75000000 11.00000000 -0.12500000 0.00000000
114 3 9.00000000 2.75000000 -0.00000000 -0.12500000
115 0 17.37500000 9.00000000 0.12500000 0.00000000
115 1 11.00000000 17.37500000 0.00000000 0.12500000
115 2 2.62500000 11.00000000 -0.12500000 0.00000000
115 3 9.00000000 2.62500000 -0.00000000 -0.12500000
116 0 17.50000000 9.00000000 0.12500000 0.00000000
116 1 11.00000000 17.50000000 0.00000000 0.12500000
116 2 2.50000000 11.00000000 -0.12500000 0.00000000
116 3 9.00000000 2.50000000 -0.00000000 -0.12500000
117 0 17.62500000 9.00000000 0.12500000 0.00000000
117 1 11.00000000 17.62500000 0.00000000 0.12500000
117 2 2.37500000 11.00000000 -0.12500000 0.00000000
117 3 9.00000000 2.37500000 -0.00000000 -0.12500000
118 0 17.75000000 9.00000000 0.12500000 0.00000000
118 1 11.00000000 17.75000000 0.00000000 0.12500000
118 2 2.25000000 11.00000000 -0.12500000 0.00000000
118 3 9.00000000 2.25000000 -0.00000000 -0.12500000
119 0 17.87500000 9.00000000 0.12500000 0.00000000
119 1 11.00000000 17.87500000 0.00000000 0.12500000
119 2 2.12500000 11.00000000 -0.12500000 0.00000000
119 3 9.00000000 2.12500000 -0.00000000 -0.12500000
120 0 18.00000000 9.00000000 0.12500000 0.00000000
120 1 11.00000000 18.00000000 0.00000000 0.12500000
120 2 2.00000000 11.00000000 -0.12500000 0.00000000
120 3 9.00000000 2.00000000 -0.00000000 -0.12500000
121 0 18.12500000 9.00000000 0.12500000 0.00000000
121 1 11.00000000 18.12500000 0.00000000 0.12500000
121 2 1.87500000 11.00000000 -0.12500000 0.00000000
121 3 9.00000000 1.87500000 -0.00000000 -0.12500000
122 0 18.25000000 9.00000000 0.12500000 0.00000000
122 1 11.00000000 18.25000000 0.00000000 0.12500000
122 2 1.75000000 11.00000000 -0.12500000 0.00000000
122 3 9.00000000 1.75000000 -0.00000000 -0.12500000
123 0 18.37500000 9.00000000 0.12500000 0.00000000
123 1 11.00000000 18.37500000 0.00000000 0.12500000
123 2 1.62500000 11.00000000 -0.12500000 0.00000000
123 3 9.00000000 1.62500000 -0.00000000 -0.12500000
124 0 18.50000000 9.00000000 0.12500000 0.00000000
124 1 11.00000000 18.50000000 0.00000000 0.12500000
124 2 1.50000000 11.00000000 -0.12500000 0.00000000
124 3 9.00000000 1.50000000 -0.00000000 -0.12500000
125 0 18.62500000 9.00000000 0.12500000 0.00000000
125 1 11.00000000 18.62500000 0.00000000 0.12500000
125 2 1.37500000 11.00000000 -0.12500000 0.00000000
125 3 9.00000000 1.37500000 -0.00000000 -0.12500000
126 0 18.75000000 9.00000000 0.12500000 0.00000000
126 1 11.00000000 18.75000000 0.00000000 0.12500000
126 2 1.25000000 11.00000000 -0.12500000 0.00000000
126 3 9.00000000 1.25000000 -0.00000000 -0.12500000
127 0 18.87500000 9.00000000 0.12500000 0.00000000
127 1 11.00000000 18.87500000 0.00000000 0.12500000
127 2 1.12500000 11.00000000 -0.12500000 0.00000000
127 3 9.00000000 1.12500000 -0.00000000 -0.12500000
128 0 19.00000000 9.00000000 -0.12500000 0.00000000
128 1 11.00000000 19.00000000 0.00000000 -0.12500000
128 2 1.00000000 11.00000000 0.12500000 0.00000000
128 3 9.00000000 1.00000000 -0.00000000 0.12500000
129 0 18.87500000 9.00000000 -0.12500000 0.00000000
129 1 11.00000000 18.87500000 0.00000000 -0.12500000
129 2 1.12500000 11.00000000 0.12500000 0.00000000
129 3 9.00000000 1.12500000 -0.00000000 0.12500000
130 0 18.75000000 9.00000000 -0.12500000 0.00000000
130 1 11.00000000 18.75000000 0.00000000 -0.12500000
130 2 1.25000000 11.00000000 0.12500000 0.00000000
130 3 9.00000000 1.25000000 -0.00000000 0.12500000
131 0 18.62500000 9.00000000 -0.12500000 0.00000000
131 1 11.00000000 18.62500000 0.00000000 -0.12500000
131 2 1.37500000 11.00000000 0.12500000 0.00000000
131 3 9.00000000 1.37500000 -0.00000000 0.12500000
132 0 18.50000000 9.00000000 -0.12500000 0.00000000
132 1 11.00000000 18.50000000 0.00000000 -0.12500000
132 2 1.50000000 11.00000000 0.12500000 0.00000000
132 3 9.00000000 1.50000000 -0.00000000 0.12500000
133 0 18.37500000 9.00000000 -0.12500000 0.00000000
133 1 11.00000000 18.37500000 0.00000000 -0.12500000
133 2 1.62500000 11.00000000 0.12500000 0.00000000
133 3 9.00000000 1.62500000 -0.00000000 0.12500000
134 0 18.25000000 9.00000000 -0.12500000 0.00000000
134 1 11.00000000 18.25000000 0.00000000 -0.12500000
134 2 1.75000000 11.00000000 0.12500000 0.00000000
134 3 9.00000000 1.75000000 -0.00000000 0.12500000
135 0 18.12500000 9.00000000 -0.12500000 0.00000000
135 1 11.00000000 18.12500000 0.00000000 -0.12500000
135 2 1.87500000 11.00000000 0.12500000 0.00000000
135 3 9.00000000 1.87500000 -0.00000000 0.12500000
136 0 18.00000000 9.00000000 -0.12500000 0.00000000
136 1 11.00000000 18.00000000 0.00000000 -0.12500000
136 2 2.00000000 11.00000000 0.12500000 0.00000000
136 3 9.00000000 2.00000000 -0.00000000 0.12500000
137 0 17.87500000 9.00000000 -0.12500000 0.00000000
137 1 11.00000000 17.87500000 0.00000000 -0.12500000
137 2 2.12500000 11.00000000 0.12500000 0.00000000
137 3 9.00000000 2.12500000 -0.00000000 0.12500000
138 0 17.75000000 9.00000000 -0.12500000 0.00000000
138 1 11.00000000 17.75000000 0.00000000 -0.12500000
138 2 2.25000000 11.00000000 0.12500000 0.00000000
138 3 9.00000000 2.25000000 -0.00000000 0.12500000
139 0 17.62500000 9.00000000 -0.12500000 0.00000000
139 1 11.00000000 17.62500000 0.00000000 -0.12500000
139 2 2.37500000 11.00000000 0.12500000 0.00000000
139 3 9.00000000 2.37500000 -0.00000000 0.12500000
140 0 17.50000000 9.00000000 -0.12500000 0.00000000
140 1 11.00000000 17.50000000 0.00000000 -0.12500000
140 2 2.50000000 11.00000000 0.12500000 0.00000000
140 3 9.00000000 2.50000000 -0.00000000 0.12500000
141 0 17.37500000 9.00000000 -0.12500000 0.00000000
141 1 11.00000000 17.37500000 0.00000000 -0.12500000
141 2 2.62500000 11.00000000 0.12500000 0.00000000
141 3 9.00000000 2.62500000 -0.00000000 0.12500000
142 0 17.25000000 9.00000000 -0.12500000 0.00000000
142 1 11.00000000 17.25000000 0.00000000 -0.12500000
142 2 2.75000000 11.00000000 0.12500000 0.00000000
142 3 9.00000000 2.75000000 -0.00000000 0.12500000
143 0 17.12500000 9.00000000 -0.12500000 0.00000000
143 1 11.00000000 17.12500000 0.00000000 -0.12500000
143 2 2.87500000 11.00000000 0.12500000 0.00000000
143 3 9.00000000 2.87500000 -0.00000000 0.12500000
144 0 17.00000000 9.00000000 -0.12500000 0.00000000
144 1 11.00000000 17.00000000 0.00000000 -0.12500000
144 2 3.00000000 11.00000000 0.12500000 0.00000000
144 3 9.00000000 3.00000000 -0.00000000 0.12500000
145 0 16.87500000 9.00000000 -0.12500000 0.00000000
145 1 11.00000000 16.87500000 0.00000000 -0.12500000
145 2 3.12500000 11.00000000 0.12500000 0.00000000
145 3 9.00000000 3.12500000 -0.00000000 0.12500000
146 0 16.75000000 9.00000000 -0.12500000 0.00000000
146 1 11.00000000 16.75000000 0.00000000 -0.12500000
146 2 3.25000000 11.00000000 0.12500000 0.00000000
146 3 9.00000000 3.25000000 -0.00000000 0.12500000
147 0 16.62500000 9.00000000 -0.12500000 0.00000000
147 1 11.00000000 16.62500000 0.00000000 -0.12500000
147 2 3.37500000 11.00000000 0.12500000 0.00000000
147 3 9.00000000 3.37500000 -0.00000000 0.12500000
148 0 16.50000000 9.00000000 -0.12500000 0.00000000
148 1 11.00000000 16.50000000 0.00000000 -0.12500000
148 2 3.50000000 11.00000000 0.12500000 0.00000000
148 3 9.00000000 3.50000000 -0.00000000 0.12500000
149 0 16.37500000 9.00000000 -0.12500000 0.00000000
149 1 11.00000000 16.37500000 0.00000000 -0.12500000
149 2 3.62500000 11.00000000 0.12500000 0.00000000
149 3 9.00000000 3.62500000 -0.00000000 0.12500000
150 0 16.25000000 9.00000000 -0.12500000 0.00000000
150 1 11.00000000 16.25000000 0.00000000 -0.12500000
150 2 3.75000000 11.00000000 0.12500000 0.00000000
150 3 9.00000000 3.75000000 -0.00000000 0.12500000
151 0 16.12500000 9.00000000 -0.12500000 0.00000000
151 1 11.00000000 16.12500000 0.00000000 -0.12500000
151 2 3.87500000 11.00000000 0.12500000 0.00000000
151 3 9.00000000 3.87500000 -0.00000000 0.12500000
152 0 16.00000000 9.00000000 -0.12500000 0.00000000
152 1 11.00000000 16.00000000 0.00000000 -0.12500000
152 2 4.00000000 11.00000000 0.12500000 0.00000000
152 3 9.00000000 4.00000000 -0.00000000 0.12500000
153 0 15.87500000 9.00000000 -0.12500000 0.00000000
153 1 11.00000000 15.87500000 0.00000000 -0.12500000
153 2 4.12500000 11.00000000 0.12500000 0.00000000
153 3 9.00000000 4.12500000 -0.00000000 0.12500000
154 0 15.75000000 9.00000000 -0.12500000 0.00000000
154 1 11.00000000 15.75000000 0.00000000 -0.12500000
154 2 4.25000000 11.00000000 0.12500000 0.00000000
154 3 9.00000000 4.25000000 -0.00000000 0.12500000
155 0 15.62500000 9.00000000 -0.12500000 0.00000000
155 1 11.00000000 15.62500000 0.00000000 -0.12500000
155 2 4.37500000 11.00000000 0.12500000 0.00000000
155 3 9.00000000 4.37500000 -0.00000000 0.12500000
156 0 15.50000000 9.00000000 -0.12500000 0.00000000
156 1 11.00000000 15.50000000 0.00000000 -0.12500000
156 2 4.50000000 11.00000000 0.12500000 0.00000000
156 3 9.00000000 4.50000000 -0.00000000 0.12500000
157 0 15.37500000 9.00000000 -0.12500000 0.00000000
157 1 11.00000000 15.37500000 0.00000000 -0.12500000
157 2 4.62500000 11.00000000 0.12500000 0.00000000
157 3 9.00000000 4.62500000 -0.00000000 0.12500000
158 0 15.25000000 9.00000000 -0.12500000 0.00000000
158 1 11.00000000 15.25000000 0.00000000 -0.12500000
158 2 4.75000000 11.00000000 0.12500000 0.00000000
158 3 9.00000000 4.75000000 -0.00000000 0.12500000
159 0 15.12500000 9.00000000 -0.12500000 0.00000000
159 1 11.00000000 15.12500000 0.00000000 -0.12500000
159 2 4.87500000 11.00000000 0.12500000 0.00000000
159 3 9.00000000 4.87500000 -0.00000000 0.12500000
160 0 15.00000000 9.00000000 -0.12500000 0.00000000
160 1 11.00000000 15.00000000 0.00000000 -0.12500000
160 2 5.00000000 11.00000000 0.12500000 0.00000000
160 3 9.00000000 5.00000000 -0.00000000 0.12500000
161 0 14.87500000 9.00000000 -0.12500000 0.00000000
161 1 11.00000000 14.87500000 0.00000000 -0.12500000
161 2 5.12500000 11.00000000 0.12500000 0.00000000
161 3 9.00000000 5.12500000 -0.00000000 0.12500000
162 0 14.75000000 9.00000000 -0.12500000 0.00000000
162 1 11.00000000 14.75000000 0.00000000 -0.12500000
162 2 5.25000000 11.00000000 0.12500000 0.00000000
162 3 9.00000000 5.25000000 -0.00000000 0.12500000
163 0 14.62500000 9.00000000 -0.12500000 0.00000000
163 1 11.00000000 14.62500000 0.00000000 -0.12500000
163 2 5.37500000 11.00000000 0.12500000 0.00000000
163 3 9.00000000 5.37500000 -0.00000000 0.12500000
164 0 14.50000000 9.00000000 -0.12500000 0.00000000
164 1 11.00000000 14.50000000 0.00000000 -0.12500000
164 2 5.50000000 11.00000000 0.12500000 0.00000000
164 3 9.00000000 5.50000000 -0.00000000 0.12500000
165 0 14.37500000 9.00000000 -0.12500000 0.00000000
165 1 11.00000000 14.37500000 0.00000000 -0.12500000
165 2 5.62500000 11.00000000 0.12500000 0.00000000
165 3 9.00000000 5.62500000 -0.00000000 0.12500000
166 0 14.25000000 9.00000000 -0.12500000 0.00000000
166 1 11.00000000 14.25000000 0.00000000 -0.12500000
166 2 5.75000000 11.00000000 0.12500000 0.00000000
166 3 9.00000000 5.75000000 -0.00000000 0.12500000
167 0 14.12500000 9.00000000 -0.12500000 0.00000000
167 1 11.00000000 14.12500000 0.00000000 -0.12500000
167 2 5.87500000 11.00000000 0.12500000 0.00000000
167 3 9.00000000 5.87500000 -0.00000000 0.12500000
168 0 14.00000000 9.00000000 -0.12500000 0.00000000
168 1 11.00000000 14.00000000 0.00000000 -0.12500000
168 2 6.00000000 11.00000000 0.12500000 0.00000000
168 3 9.00000000 6.00000000 -0.00000000 0.12500000
169 0 13.87500000 9.00000000 -0.12500000 0.00000000
169 1 11.00000000 13.87500000 0.00000000 -0.12500000
169 2 6.12500000 11.00000000 0.12500000 0.00000000
169 3 9.00000000 6.12500000 -0.00000000 0.12500000
170 0 13.75000000 9.00000000 -0.12500000 0.00000000
170 1 11.00000000 13.75000000 0.00000000 -0.12500000
170 2 6.25000000 11.00000000 0.12500000 0.00000000
170 3 9.00000000 6.25000000 -0.00000000 0.12500000
171 0 13.62500000 9.00000000 -0.12500000 0.00000000
171 1 11.00000000 13.62500000 0.00000000 -0.12500000
171 2 6.37500000 11.00000000 0.12500000 0.00000000
171 3 9.00000000 6.37500000 -0.00000000 0.12500000
172 0 13.50000000 9.00000000 -0.12500000 0.00000000
172 1 11.00000000 13.50000000 0.00000000 -0.12500000
172 2 6.50000000 11.00000000 0.12500000 0.00000000
172 3 9.00000000 6.50000000 -0.00000000 0.12500000
173 0 13.37500000 9.00000000 -0.12500000 0.00000000
173 1 11.00000000 13.37500000 0.00000000 -0.12500000
173 2 6.62500000 11.00000000 0.12500000 0.00000000
173 3 9.00000000 6.62500000 -0.00000000 0.12500000
174 0 13.25000000 9.00000000 -0.12500000 0.00000000
174 1 11.00000000 13.25000000 0.00000000 -0.12500000
174 2 6.75000000 11.00000000 0.12500000 0.00000000
174 3 9.00000000 6.75000000 -0.00000000 0.12500000
175 0 13.12500000 9.00000000 -0.12500000 0.00000000
175 1 11.00000000 13.12500000 0.00000000 -0.12500000
175 2 6.87500000 11.00000000 0.12500000 0.00000000
175 3 9.00000000 6.87500000 -0.00000000 0.12500000
176 0 13.00000000 9.00000000 -0.12500000 0.00000000
176 1 11.00000000 13.00000000 0.00000000 -0.12500000
176 2 7.00000000 11.00000000 0.12500000 0.00000000
176 3 9.00000000 7.00000000 -0.00000000 0.12500000
177 0 12.87500000 9.00000000 -0.12500000 0.00000000
177 1 11.00000000 12.87500000 0.00000000 -0.12500000
177 2 7.12500000 11.00000000 0.12500000 0.00000000
177 3 9.00000000 7.12500000 -0.00000000 0.12500000
178 0 12.75000000 9.00000000 -0.12500000 0.00000000
178 1 11.00000000 12.75000000 0.00000000 -0.12500000
178 2 7.25000000 11.00000000 0.12500000 0.00000000
178 3 9.00000000 7.25000000 -0.00000000 0.12500000
179 0 12.62500000 9.00000000 -0.12500000 0.00000000
179 1 11.00000000 12.62500000 0.00000000 -0.12500000
179 2 7.37500000 11.00000000 0.12500000 0.00000000
179 3 9.00000000 7.37500000 -0.00000000 0.12500000
180 0 12.50000000 9.00000000 -0.12500000 0.00000000
180 1 11.00000000 12.50000000 0.00000000 -0.12500000
180 2 7.50000000 11.00000000 0.12500000 0.00000000
180 3 9.00000000 7.50000000 -0.00000000 0.12500000
181 0 12.37500000 9.00000000 -0.12500000 0.00000000
181 1 11.00000000 12.37500000 0.00000000 -0.12500000
181 2 7.62500000 11.00000000 0.12500000 0.00000000
181 3 9.00000000 7.62500000 -0.00000000 0.12500000
182 0 12.25000000 9.00000000 -0.12500000 0.00000000
182 1 11.00000000 12.25000000 0.00000000 -0.12500000
182 2 7.75000000 11.00000000 0.12500000 0.00000000
182 3 9.00000000 7.75000000 -0.00000000 0.12500000
183 0 12.12500000 9.00000000 -0.12500000 0.00000000
183 1 11.00000000 12.12500000 0.00000000 -0.12500000
183 2 7.87500000 11.00000000 0.12500000 0.00000000
183 3 9.00000000 7.87500000 -0.00000000 0.12500000
184 0 12.00000000 9.00000000 -0.12500000 0.00000000
184 1 11.00000000 12.00000000 0.00000000 -0.12500000
184 2 8.00000000 11.00000000 0.12500000 0.00000000
184 3 9.00000000 8.00000000 -0.00000000 0.12500000
185 0 11.87500000 9.00000000 -0.12500000 0.00000000
185 1 11.00000000 11.87500000 0.00000000 -0.12500000
185 2 8.12500000 11.00000000 0.12500000 0.00000000
185 3 9.00000000 8.12500000 -0.00000000 0.12500000
186 0 11.75000000 9.00000000 -0.12500000 0.00000000
186 1 11.00000000 11.75000000 0.00000000 -0.12500000
186 2 8.25000000 11.00000000 0.12500000 0.00000000
186 3 9.00000000 8.25000000 -0.00000000 0.12500000
187 0 11.62500000 9.00000000 -0.12500000 0.00000000
187 1 11.00000000 11.62500000 0.00000000 -0.12500000
187 2 8.37500000 11.00000000 0.12500000 0.00000000
187 3 9.00000000 8.37500000 -0.00000000 0.12500000
188 0 11.50000000 9.00000000 -0.12500000 0.00000000
188 1 11.00000000 11.50000000 0.00000000 -0.12500000
188 2 8.50000000 11.00000000 0.12500000 0.00000000
188 3 9.00000000 8.50000000 -0.00000000 0.12500000
189 0 11.37500000 9.00000000 -0.12500000 0.00000000
189 1 11.00000000 11.37500000 0.00000000 -0.12500000
189 2 8.62500000 11.00000000 0.12500000 0.00000000
189 3 9.00000000 8.62500000 -0.00000000 0.12500000
190 0 11.25000000 9.00000000 -0.12500000 0.00000000
190 1 11.00000000 11.25000000 0.00000000 -0.12500000
190 2 8.75000000 11.00000000 0.12500000 0.00000000
190 3 9.00000000 8.75000000 -0.00000000 0.12500000
191 0 11.12500000 9.00000000 -0.12500000 0.00000000
191 1 11.00000000 11.12500000 0.00000000 -0.12500000
191 2 8.87500000 11.00000000 0.12500000 0.00000000
191 3 9.00000000 8.87500000 -0.00000000 0.12500000
192 0 11.00000000 9.00000000 -0.12500000 -0.12500000
192 1 11.00000000 11.00000000 0.00000000 0.00000000
192 2 9.00000000 11.00000000 0.12500000 0.12500000
192 3 9.00000000 9.00000000 0.00000000 0.00000000
193 0 11.00000000 8.87500000 -0.00000000 -0.12500000
193 1 11.12500000 11.00000000 0.12500000 0.00000000
193 2 9.00000000 11.12500000 0.00000000 0.12500000
193 3 8.87500000 9.00000000 -0.12500000 0.00000000
194 0 11.00000000 8.75000000 -0.00000000 -0.12500000
194 1 11.25000000 11.00000000 0.12500000 0.00000000
194 2 9.00000000 11.25000000 0.00000000 0.12500000
194 3 8.75000000 9.00000000 -0.12500000 0.00000000
195 0 11.00000000 8.62500000 -0.00000000 -0.12500000
195 1 11.37500000 11.00000000 0.12500000 0.00000000
195 2 9.00000000 11.37500000 0.00000000 0.12500000
195 3 8.62500000 9.00000000 -0.12500000 0.00000000
196 0 11.00000000 8.50000000 -0.00000000 -0.12500000
196 1 11.50000000 11.00000000 0.12500000 0.00000000
196 2 9.00000000 11.50000000 0.00000000 0.12500000
196 3 8.50000000 9.00000000 -0.12500000 0.00000000
197 0 11.00000000 8.37500000 -0.00000000 -0.12500000
197 1 11.62500000 11.00000000 0.12500000 0.00000000
197 2 9.00000000 11.62500000 0.00000000 0.12500000
197 3 8.37500000 9.00000000 -0.12500000 0.00000000
198 0 11.00000000 8.25000000 -0.00000000 -0.12500000
198 1 11.75000000 11.00000000 0.12500000 0.00000000
198 2 9.00000000 11.75000000 0.00000000 0.12500000
198 3 8.25000000 9.00000000 -0.12500000 0.00000000
199 0 11.00000000 8.12500000 -0.00000000 -0.12500000
199 1 11.87500000 11.00000000 0.12500000 0.00000000
199 2 9.00000000 11.87500000 0.00000000 0.12500000
199 3 8.12500000 9.00000000 -0.12500000 0.00000000
200 0 11.00000000 8.00000000 -0.00000000 -0.12500000
200 1 12.00000000 11.00000000 0.12500000 0.00000000
200 2 9.00000000 12.00000000 0.00000000 0.12500000
200 3 8.00000000 9.00000000 -0.12500000 0.00000000
201 0 11.00000000 7.87500000 -0.00000000 -0.12500000
201 1 12.12500000 11.00000000 0.12500000 0.00000000
201 2 9.00000000 12.12500000 0.00000000 0.12500000
201 3 7.87500000 9.00000000 -0.12500000 0.00000000
202 0 11.00000000 7.75000000 -0.00000000 -0.12500000
202 1 12.25000000 11.00000000 0.12500000 0.00000000
202 2 9.00000000 12.25000000 0.00000000 0.12500000
202 3 7.75000000 9.00000000 -0.12500000 0.00000000
203 0 11.00000000 7.62500000 -0.00000000 -0.12500000
203 1 12.37500000 11.00000000 0.12500000 0.00000000
203 2 9.00000000 12.37500000 0.00000000 0.12500000
203 3 7.62500000 9.00000000 -0.12500000 0.00000000
204 0 11.00000000 7.50000000 -0.00000000 -0.12500000
204 1 12.50000000 11.00000000 0.12500000 0.00000000
204 2 9.00000000 12.50000000 0.00000000 0.12500000
204 3 7.50000000 9.00000000 -0.12500000 0.00000000
205 0 11.00000000 7.37500000 -0.00000000 -0.12500000
205 1 12.62500000 11.00000000 0.12500000 0.00000000
205 2 9.00000000 12.62500000 0.00000000 0.12500000
205 3 7.37500000 9.00000000 -0.12500000 0.00000000
206 0 11.00000000 7.25000000 -0.00000000 -0.12500000
206 1 12.75000000 11.00000000 0.12500000 0.00000000
206 2 9.00000000 12.75000000 0.00000000 0.12500000
206 3 7.25000000 9.00000000 -0.12500000 0.00000000
207 0 11.00000000 7.12500000 -0.00000000 -0.12500000
207 1 12.87500000 11.00000000 0.12500000 0.00000000
207 2 9.00000000 12.87500000 0.00000000 0.12500000
207 3 7.12500000 9.00000000 -0.12500000 0.00000000
208 0 11.00000000 7.00000000 -0.00000000 -0.12500000
208 1 13.00000000 11.00000000 0.12500000 0.00000000
208 2 9.00000000 13.00000000 0.00000000 0.12500000
208 3 7.00000000 9.00000000 -0.12500000 0.00000000
209 0 11.00000000 6.87500000 -0.00000000 -0.12500000
209 1 13.12500000 11.00000000 0.12500000 0.00000000
209 2 9.00000000 13.12500000 0.00000000 0.12500000
209 3 6.87500000 9.00000000 -0.12500000 0.00000000
210 0 11.00000000 6.75000000 -0.00000000 -0.12500000
210 1 13.25000000 11.00000000 0.12500000 0.00000000
210 2 9.00000000 13.25000000 0.00000000 0.12500000
210 3 6.75000000 9.00000000 -0.12500000 0.00000000
211 0 11.00000000 6.62500000 -0.00000000 -0.12500000
211 1 13.37500000 11.00000000 0.12500000 0.00000000
211 2 9.00000000 13.37500000 0.00000000 0.12500000
211 3 6.62500000 9.00000000 -0.12500000 0.00000000
212 0 11.00000000 6.50000000 -0.00000000 -0.12500000
212 1 13.50000000 11.00000000 0.12500000 0.00000000
212 2 9.00000000 13.50000000 0.00000000 0.12500000
212 3 6.50000000 9.00000000 -0.12500000 0.00000000
213 0 11.00000000 6.37500000 -0.00000000 -0.12500000
213 1 13.62500000 11.00000000 0.12500000 0.00000000
213 2 9.00000000 13.62500000 0.00000000 0.12500000
213 3 6.37500000 9.00000000 -0.12500000 0.00000000
214 0 11.00000000 6.25000000 -0.00000000 -0.12500000
214 1 13.75000000 11.00000000 0.12500000 0.00000000
214 2 9.00000000 13.75000000 0.00000000 0.12500000
214 3 6.25000000 9.00000000 -0.12500000 0.00000000
215 0 11.00000000 6.12500000 -0.00000000 -0.12500000
215 1 13.87500000 11.00000000 0.12500000 0.00000000
215 2 9.00000000 13.87500000 0.00000000 0.12500000
215 3 6.12500000 9.00000000 -0.12500000 0.00000000
216 0 11.00000000 6.00000000 -0.00000000 -0.12500000
216 1 14.00000000 11.00000000 0.12500000 0.00000000
216 2 9.00000000 14.00000000 0.00000000 0.12500000
216 3 6.00000000 9.00000000 -0.12500000 0.00000000
217 0 11.00000000 5.87500000 -0.00000000 -0.12500000
217 1 14.12500000 11.00000000 0.12500000 0.00000000
217 2 9.00000000 14.12500000 0.00000000 0.12500000
217 3 5.87500000 9.00000000 -0.12500000 0.00000000
218 0 11.00000000 5.75000000 -0.00000000 -0.12500000
218 1 14.25000000 11.00000000 0.12500000 0.00000000
218 2 9.00000000 14.25000000 0.00000000 0.12500000
218 3 5.75000000 9.00000000 -0.12500000 0.00000000
219 0 11.00000000 5.62500000 -0.00000000 -0.12500000
219 1 14.37500000 11.00000000 0.12500000 0.00000000
219 2 9.00000000 14.37500000 0.00000000 0.12500000
219 3 5.62500000 9.00000000 -0.12500000 0.00000000
220 0 11.00000000 5.50000000 -0.00000000 -0.12500000
220 1 14.50000000 11.00000000 0.12500000 0.00000000
220 2 9.00000000 14.50000000 0.00000000 0.12500000
220 3 5.50000000 9.00000000 -0.12500000 0.00000000
221 0 11.00000000 5.37500000 -0.00000000 -0.12500000
221 1 14.62500000 11.00000000 0.12500000 0.00000000
221 2 9.00000000 14.62500000 0.00000000 0.12500000
221 3 5.37500000 9.00000000 -0.12500000 0.00000000
222 0 11.00000000 5.25000000 -0.00000000 -0.12500000
222 1 14.75000000 11.00000000 0.12500000 0.00000000
222 2 9.00000000 14.75000000 0.00000000 0.12500000
222 3 5.25000000 9.00000000 -0.12500000 0.00000000
223 0 11.00000000 5.12500000 -0.00000000 -0.12500000
223 1 14.87500000 11.00000000 0.12500000 0.00000000
223 2 9.00000000 14.87500000 0.00000000 0.12500000
223 3 5.12500000 9.00000000 -0.12500000 0.00000000
224 0 11.00000000 5.00000000 -0.00000000 -0.12500000
224 1 15.00000000 11.00000000 0.12500000 0.00000000
224 2 9.00000000 15.00000000 0.00000000 0.12500000
224 3 5.00000000 9.00000000 -0.12500000 0.00000000
225 0 11.00000000 4.87500000 -0.00000000 -0.12500000
225 1 15.12500000 11.00000000 0.12500000 0.00000000
225 2 9.00000000 15.12500000 0.00000000 0.12500000
225 3 4.87500000 9.00000000 -0.12500000 0.00000000
226 0 11.00000000 4.75000000 -0.00000000 -0.12500000
226 1 15.25000000 11.00000000 0.12500000 0.00000000
226 2 9.00000000 15.25000000 0.00000000 0.12500000
226 3 4.75000000 9.00000000 -0.12500000 0.00000000
227 0 11.00000000 4.62500000 -0.00000000 -0.12500000
227 1 15.37500000 11.00000000 0.12500000 0.00000000
227 2 9.00000000 15.37500000 0.00000000 0.12500000
227 3 4.62500000 9.00000000 -0.12500000 0.00000000
228 0 11.00000000 4.50000000 -0.00000000 -0.12500000
228 1 15.50000000 11.00000000 0.12500000 0.00000000
228 2 9.00000000 15.50000000 0.00000000 0.12500000
228 3 4.50000000 9.00000000 -0.12500000 0.00000000
229 0 11.00000000 4.37500000 -0.00000000 -0.12500000
229 1 15.62500000 11.00000000 0.12500000 0.00000000
229 2 9.00000000 15.62500000 0.00000000 0.12500000
229 3 4.37500000 9.00000000 -0.12500000 0.00000000
230 0 11.00000000 4.25000000 -0.00000000 -0.12500000
230 1 15.75000000 11.00000000 0.12500000 0.00000000
230 2 9.00000000 15.75000000 0.00000000 0.12500000
230 3 4.25000000 9.00000000 -0.12500000 0.00000000
231 0 11.00000000 4.12500000 -0.00000000 -0.12500000
231 1 15.87500000 11.00000000 0.12500000 0.00000000
231 2 9.00000000 15.87500000 0.00000000 0.12500000
231 3 4.12500000 9.00000000 -0.12500000 0.00000000
232 0 11.00000000 4.00000000 -0.00000000 -0.12500000
232 1 16.00000000 11.00000000 0.12500000 0.00000000
232 2 9.00000000 16.00000000 0.00000000 0.12500000
232 3 4.00000000 9.00000000 -0.12500000 0.00000000
233 0 11.00000000 3.87500000 -0.00000000 -0.12500000
233 1 16.12500000 11.00000000 0.12500000 0.00000000
233 2 9.00000000 16.12500000 0.00000000 0.12500000
233 3 3.87500000 9.00000000 -0.12500000 0.00000000
234 0 11.00000000 3.75000000 -0.00000000 -0.12500000
234 1 16.25000000 11.00000000 0.12500000 0.00000000
234 2 9.00000000 16.25000000 0.00000000 0.12500000
234 3 3.75000000 9.00000000 -0.12500000 0.00000000
235 0 11.00000000 3.62500000 -0.00000000 -0.12500000
235 1 16.37500000 11.00000000 0.12500000 0.00000000
235 2 9.00000000 16.37500000 0.00000000 0.12500000
235 3 3.62500000 9.00000000 -0.12500000 0.00000000
236 0 11.00000000 3.50000000 -0.00000000 -0.12500000
236 1 16.50000000 11.00000000 0.12500000 0.00000000
236 2 9.00000000 16.50000000 0.00000000 0.12500000
236 3 3.50000000 9.00000000 -0.12500000 0.00000000
237 0 11.00000000 3.37500000 -0.00000000 -0.12500000
237 1 16.62500000 11.00000000 0.12500000 0.00000000
237 2 9.00000000 16.62500000 0.00000000 0.12500000
237 3 3.37500000 9.00000000 -0.12500000 0.00000000
238 0 11.00000000 3.25000000 -0.00000000 -0.12500000
238 1 16.75000000 11.00000000 0.12500000 0.00000000
238 2 9.00000000 16.75000000 0.00000000 0.12500000
238 3 3.25000000 9.00000000 -0.12500000 0.00000000
239 0 11.00000000 3.12500000 -0.00000000 -0.12500000
239 1 16.87500000 11.00000000 0.12500000 0.00000000
239 2 9.00000000 16.87500000 0.00000000 0.12500000
239 3 3.12500000 9.00000000 -0.12500000 0.00000000
240 0 11.00000000 3.00000000 -0.00000000 -0.12500000
240 1 17.00000000 11.00000000 0.12500000 0.00000000
240 2 9.00000000 17.00000000 0.00000000 0.12500000
240 3 3.00000000 9.00000000 -0.12500000 0.00000000
241 0 11.00000000 2.87500000 -0.00000000 -0.12500000
241 1 17.12500000 11.00000000 0.12500000 0.00000000
241 2 9.00000000 17.12500000 0.00000000 0.12500000
241 3 2.87500000 9.00000000 -0.12500000 0.00000000
242 0 11.00000000 2.75000000 -0.00000000 -0.12500000
242 1 17.25000000 11.00000000 0.12500000 0.00000000
242 2 9.00000000 17.25000000 0.00000000 0.12500000
242 3 2.75000000 9.00000000 -0.12500000 0.00000000
243 0 11.00000000 2.62500000 -0.00000000 -0.12500000
243 1 17.37500000 11.00000000 0.12500000 0.00000000
243 2 9.00000000 17.37500000 0.00000000 0.12500000
243 3 2.62500000 9.00000000 -0.12500000 0.00000000
244 0 11.00000000 2.50000000 -0.00000000 -0.12500000
244 1 17.50000000 11.00000000 0.12500000 0.00000000
244 2 9.00000000 17.50000000 0.00000000 0.12500000
244 3 2.50000000 9.00000000 -0.12500000 0.00000000
245 0 11.00000000 2.37500000 -0.00000000 -0.12500000
245 1 17.62500000 11.00000000 0.12500000 0.00000000
245 2 9.00000000 17.62500000 0.00000000 0.12500000
245 3 2.37500000 9.00000000 -0.12500000 0.00000000
246 0 11.00000000 2.25000000 -0.00000000 -0.12500000
246 1 17.75000000 11.00000000 0.12500000 0.00000000
246 2 9.00000000 17.75000000 0.00000000 0.12500000
246 3 2.25000000 9.00000000 -0.12500000 0.00000000
247 0 11.00000000 2.12500000 -0.00000000 -0.12500000
247 1 17.87500000 11.00000000 0.12500000 0.00000000
247 2 9.00000000 17.87500000 0.00000000 0.12500000
247 3 2.12500000 9.00000000 -0.12500000 0.00000000
248 0 11.00000000 2.00000000 -0.00000000 -0.12500000
248 1 18.00000000 11.00000000 0.12500000 0.00000000
248 2 9.00000000 18.00000000 0.00000000 0.12500000
248 3 2.00000000 9.00000000 -0.12500000 0.00000000
249 0 11.00000000 1.87500000 -0.00000000 -0.12500000
249 1 18.12500000 11.00000000 0.12500000 0.00000000
249 2 9.00000000 18.12500000 0.00000000 0.12500000
249 3 1.87500000 9.00000000 -0.12500000 0.00000000
250 0 11.00000000 1.75000000 -0.00000000 -0.12500000
250 1 18.25000000 11.00000000 0.12500000 0.00000000
250 2 9.00000000 18.25000000 0.00000000 0.12500000
250 3 1.75000000 9.00000000 -0.12500000 0.00000000
251 0 11.00000000 1.62500000 -0.00000000 -0.12500000
251 1 18.37500000 11.00000000 0.12500000 0.00000000
251 2 9.00000000 18.37500000 0.00000000 0.12500000
251 3 1.62500000 9.00000000 -0.12500000 0.00000000
252 0 11.00000000 1.50000000 -0.00000000 -0.12500000
252 1 18.50000000 11.00000000 0.12500000 0.00000000
252 2 9.00000000 18.50000000 0.00000000 0.12500000
252 3 1.50000000 9.00000000 -0.12500000 0.00000000
253 0 11.00000000 1.37500000 -0.00000000 -0.12500000
253 1 18.62500000 11.00000000 0.12500000 0.00000000
253 2 9.00000000 18.62500000 0.00000000 0.12500000
253 3 1.37500000 9.00000000 -0.12500000 0.00000000
254 0 11.00000000 1.25000000 -0.00000000 -0.12500000
254 1 18.75000000 11.00000000 0.12500000 0.00000000
254 2 9.00000000 18.75000000 0.00000000 0.12500000
254 3 1.25000000 9.00000000 -0.12500000 0.00000000
255 0 11.00000000 1.12500000 -0.00000000 -0.12500000
255 1 18.87500000 11.00000000 0.12500000 0.00000000
255 2 9.00000000 18.87500000 0.00000000 0.12500000
255 3 1.12500000 9.00000000 -0.12500000 0.00000000
256 0 11.00000000 1.00000000 -0.00000000 0.12500000
256 1 19.00000000 11.00000000 -0.12500000 0.00000000
256 2 9.00000000 19.00000000 0.00000000 -0.12500000
256 3 1.00000000 9.00000000 0.12500000 0.00000000
257 0 11.00000000 1.12500000 -0.00000000 0.12500000
257 1 18.87500000 11.00000000 -0.12500000 0.00000000
257 2 9.00000000 18.87500000 0.00000000 -0.12500000
257 3 1.12500000 9.00000000 0.12500000 0.00000000
258 0 11.00000000 1.25000000 -0.00000000 0.12500000
258 1 18.75000000 11.00000000 -0.12500000 0.00000000
258 2 9.00000000 18.75000000 0.00000000 -0.12500000
258 3 1.25000000 9.00000000 0.12500000 0.00000000
259 0 11.00000000 1.37500000 -0.00000000 0.12500000
259 1 18.62500000 11.00000000 -0.12500000 0.00000000
259 2 9.00000000 18.62500000 0.00000000 -0.12500000
259 3 1.37500000 9.00000000 0.12500000 0.00000000
260 0 11.00000000 1.50000000 -0.00000000 0.12500000
260 1 18.50000000 11.00000000 -0.12500000 0.00000000
260 2 9.00000000 18.50000000 0.00000000 -0.12500000
260 3 1.50000000 9.00000000 0.12500000 0.00000000
261 0 11.00000000 1.62500000 -0.00000000 0.12500000
261 1 18.37500000 11.00000000 -0.12500000 0.00000000
261 2 9.00000000 18.37500000 0.00000000 -0.12500000
261 3 1.62500000 9.00000000 0.12500000 0.00000000
262 0 11.00000000 1.75000000 -0.00000000 0.12500000
262 1 18.25000000 11.00000000 -0.12500000 0.00000000
262 2 9.00000000 18.25000000 0.00000000 -0.12500000
262 3 1.75000000 9.00000000 0.12500000 0.00000000
263 0 11.00000000 1.87500000 -0.00000000 0.12500000
263 1 18.12500000 11.00000000 -0.12500000 0.00000000
263 2 9.00000000 18.12500000 0.00000000 -0.12500000
263 3 1.87500000 9.00000000 0.12500000 0.00000000
264 0 11.00000000 2.00000000 -0.00000000 0.12500000
264 1 18.00000000 11.00000000 -0.12500000 0.00000000
264 2 9.00000000 18.00000000 0.00000000 -0.12500000
264 3 2.00000000 9.00000000 0.12500000 0.00000000
265 0 11.00000000 2.12500000 -0.00000000 0.12500000
265 1 17.87500000 11.00000000 -0.12500000 0.00000000
265 2 9.00000000 17.87500000 0.00000000 -0.12500000
265 3 2.12500000 9.00000000 0.12500000 0.00000000
266 0 11.00000000 2.25000000 -0.00000000 0.12500000
266 1 17.75000000 11.00000000 -0.12500000 0.00000000
266 2 9.00000000 17.75000000 0.00000000 -0.12500000
266 3 2.25000000 9.00000000 0.12500000 0.00000000
267 0 11.00000000 2.37500000 -0.00000000 0.12500000
267 1 17.62500000 11.00000000 -0.12500000 0.00000000
267 2 9.00000000 17.62500000 0.00000000 -0.12500000
267 3 2.37500000 9.00000000 0.12500000 0.00000000
268 0 11.00000000 2.50000000 -0.00000000 0.12500000
268 1 17.50000000 11.00000000 -0.12500000 0.00000000
268 2 9.00000000 17.50000000 0.00000000 -0.12500000
268 3 2.50000000 9.00000000 0.12500000 0.00000000
269 0 11.00000000 2.62500000 -0.00000000 0.12500000
269 1 17.37500000 11.00000000 -0.12500000 0.00000000
269 2 9.00000000 17.37500000 0.00000000 -0.12500000
269 3 2.62500000 9.00000000 0.12500000 0.00000000
270 0 11.00000000 2.75000000 -0.00000000 0.12500000
270 1 17.25000000 11.00000000 -0.12500000 0.00000000
270 2 9.00000000 17.25000000 0.00000000 -0.12500000
270 3 2.75000000 9.00000000 0.12500000 0.00000000
271 0 11.00000000 2.87500000 -0.00000000 0.12500000
271 1 17.12500000 11.00000000 -0.12500000 0.00000000
271 2 9.00000000 17.12500000 0.00000000 -0.12500000
271 3 2.87500000 9.00000000 0.12500000 0.00000000
272 0 11.00000000 3.00000000 -0.00000000 0.12500000
272 1 17.00000000 11.00000000 -0.12500000 0.00000000
272 2 9.00000000 17.00000000 0.00000000 -0.12500000
272 3 3.00000000 9.00000000 0.12500000 0.00000000
273 0 11.00000000 3.12500000 -0.00000000 0.12500000
273 1 16.87500000 11.00000000 -0.12500000 0.00000000
273 2 9.00000000 16.87500000 0.00000000 -0.12500000
273 3 3.12500000 9.00000000 0.12500000 0.00000000
274 0 11.00000000 3.25000000 -0.00000000 0.12500000
274 1 16.75000000 11.00000000 -0.12500000 0.00000000
274 2 9.00000000 16.75000000 0.00000000 -0.12500000
274 3 3.25000000 9.00000000 0.12500000 0.00000000
275 0 11.00000000 3.37500000 -0.00000000 0.12500000
275 1 16.62500000 11.00000000 -0.12500000 0.00000000
275 2 9.00000000 16.62500000 0.00000000 -0.12500000
275 3 3.37500000 9.00000000 0.12500000 0.00000000
276 0 11.00000000 3.50000000 -0.00000000 0.12500000
276 1 16.50000000 11.00000000 -0.12500000 0.00000000
276 2 9.00000000 16.50000000 0.00000000 -0.12500000
276 3 3.50000000 9.00000000 0.12500000 0.00000000
277 0 11.00000000 3.62500000 -0.00000000 0.12500000
277 1 16.37500000 11.00000000 -0.12500000 0.00000000
277 2 9.00000000 16.37500000 0.00000000 -0.12500000
277 3 3.62500000 9.00000000 0.12500000 0.00000000
278 0 11.00000000 3.75000000 -0.00000000 0.12500000
278 1 16.25000000 11.00000000 -0.12500000 0.00000000
278 2 9.00000000 16.25000000 0.00000000 -0.12500000
278 3 3.75000000 9.00000000 0.12500000 0.00000000
279 0 11.00000000 3.87500000 -0.00000000 0.12500000
279 1 16.12500000 11.00000000 -0.12500000 0.00000000
279 2 9.00000000 16.12500000 0.00000000 -0.12500000
279 3 3.87500000 9.00000000 0.12500000 0.00000000
280 0 11.00000000 4.00000000 -0.00000000 0.12500000
280 1 16.00000000 11.00000000 -0.12500000 0.00000000
280 2 9.00000000 16.00000000 0.00000000 -0.12500000
280 3 4.00000000 9.00000000 0.12500000 0.00000000
281 0 11.00000000 4.12500000 -0.00000000 0.12500000
281 1 15.87500000 11.00000000 -0.12500000 0.00000000
281 2 9.00000000 15.87500000 0.00000000 -0.12500000
281 3 4.12500000 9.00000000 0.12500000 0.00000000
282 0 11.00000000 4.25000000 -0.00000000 0.12500000
282 1 15.75000000 11.00000000 -0.12500000 0.00000000
282 2 9.00000000 15.75000000 0.00000000 -0.12500000
282 3 4.25000000 9.00000000 0.12500000 0.00000000
283 0 11.00000000 4.37500000 -0.00000000 0.12500000
283 1 15.62500000 11.00000000 -0.12500000 0.00000000
283 2 9.00000000 15.62500000 0.00000000 -0.12500000
283 3 4.37500000 9.00000000 0.12500000 0.00000000
284 0 11.00000000 4.50000000 -0.00000000 0.12500000
284 1 15.50000000 11.00000000 -0.12500000 0.00000000
284 2 9.00000000 15.50000000 0.00000000 -0.12500000
284 3 4.50000000 9.00000000 0.12500000 0.00000000
285 0 11.00000000 4.62500000 -0.00000000 0.12500000
285 1 15.37500000 11.00000000 -0.12500000 0.00000000
285 2 9.00000000 15.37500000 0.00000000 -0.12500000
285 3 4.62500000 9.00000000 0.12500000 0.00000000
286 0 11.00000000 4.75000000 -0.00000000 0.12500000
286 1 15.25000000 11.00000000 -0.12500000 0.00000000
286 2 9.00000000 15.25000000 0.00000000 -0.12500000
286 3 4.75000000 9.00000000 0.12500000 0.00000000
287 0 11.00000000 4.87500000 -0.00000000 0.12500000
287 1 15.12500000 11.00000000 -0.12500000 0.00000000
287 2 9.00000000 15.12500000 0.00000000 -0.12500000
287 3 4.87500000 9.00000000 0.12500000 0.00000000
288 0 11.00000000 5.00000000 -0.00000000 0.12500000
288 1 15.00000000 11.00000000 -0.12500000 0.00000000
288 2 9.00000000 15.00000000 0.00000000 -0.12500000
288 3 5.00000000 9.00000000 0.12500000 0.00000000
289 0 11.00000000 5.12500000 -0.00000000 0.12500000
289 1 14.87500000 11.00000000 -0.12500000 0.00000000
289 2 9.00000000 14.87500000 0.00000000 -0.12500000
289 3 5.12500000 9.00000000 0.12500000 0.00000000
290 0 11.00000000 5.25000000 -0.00000000 0.12500000
290 1 14.75000000 11.00000000 -0.12500000 0.00000000
290 2 9.00000000 14.75000000 0.00000000 -0.12500000
290 3 5.25000000 9.00000000 0.12500000 0.00000000
291 0 11.00000000 5.37500000 -0.00000000 0.12500000
291 1 14.62500000 11.00000000 -0.12500000 0.00000000
291 2 9.00000000 14.62500000 0.00000000 -0.12500000
291 3 5.37500000 9.00000000 0.12500000 0.00000000
292 0 11.00000000 5.50000000 -0.00000000 0.12500000
292 1 14.50000000 11.00000000 -0.12500000 0.00000000
292 2 9.00000000 14.50000000 0.00000000 -0.12500000
292 3 5.50000000 9.00000000 0.12500000 0.00000000
293 0 11.00000000 5.62500000 -0.00000000 0.12500000
293 1 14.37500000 11.00000000 -0.12500000 0.00000000
293 2 9.00000000 14.37500000 0.00000000 -0.12500000
293 3 5.62500000 9.00000000 0.12500000 0.00000000
294 0 11.00000000 5.75000000 -0.00000000 0.12500000
294 1 14.25000000 11.00000000 -0.12500000 0.00000000
294 2 9.00000000 14.25000000 0.00000000 -0.12500000
294 3 5.75000000 9.00000000 0.12500000 0.00000000
295 0 11.00000000 5.87500000 -0.00000000 0.12500000
295 1 14.12500000 11.00000000 -0.12500000 0.00000000
295 2 9.00000000 14.12500000 0.00000000 -0.12500000
295 3 5.87500000 9.00000000 0.12500000 0.00000000
296 0 11.00000000 6.00000000 -0.00000000 0.12500000
296 1 14.00000000 11.00000000 -0.12500000 0.00000000
296 2 9.00000000 14.00000000 0.00000000 -0.12500000
296 3 6.00000000 9.00000000 0.12500000 0.00000000
297 0 11.00000000 6.12500000 -0.00000000 0.12500000
297 1 13.87500000 11.00000000 -0.12500000 0.00000000
297 2 9.00000000 13.87500000 0.00000000 -0.12500000
297 3 6.12500000 9.00000000 0.12500000 0.00000000
298 0 11.00000000 6.25000000 -0.00000000 0.12500000
298 1 13.75000000 11.00000000 -0.12500000 0.00000000
298 2 9.00000000 13.75000000 0.00000000 -0.12500000
298 3 6.25000000 9.00000000 0.12500000 0.00000000
299 0 11.00000000 6.37500000 -0.00000000 0.12500000
299 1 13.62500000 11.00000000 -0.12500000 0.00000000
299 2 9.00000000 13.62500000 0.00000000 -0.12500000
299 3 6.37500000 9.00000000 0.12500000 0.00000000
300 0 11.00000000 6.50000000 -0.00000000 0.12500000
300 1 13.50000000 11.00000000 -0.12500000 0.00000000
300 2 9.00000000 13.50000000 0.00000000 -0.12500000
300 3 6.50000000 9.00000000 0.12500000 0.00000000
301 0 11.00000000 6.62500000 -0.00000000 0.12500000
301 1 13.37500000 11.00000000 -0.12500000 0.00000000
301 2 9.00000000 13.37500000 0.00000000 -0.12500000
301 3 6.62500000 9.00000000 0.12500000 0.00000000
302 0 11.00000000 6.75000000 -0.00000000 0.12500000
302 1 13.25000000 11.00000000 -0.12500000 0.00000000
302 2 9.00000000 13.25000000 0.00000000 -0.12500000
302 3 6.75000000 9.00000000 0.12500000 0.00000000
303 0 11.00000000 6.87500000 -0.00000000 0.12500000
303 1 13.12500000 11.00000000 -0.12500000 0.00000000
303 2 9.00000000 13.12500000 0.00000000 -0.12500000
303 3 6.87500000 9.00000000 0.12500000 0.00000000
304 0 11.00000000 7.00000000 -0.00000000 0.12500000
304 1 13.00000000 11.00000000 -0.12500000 0.00000000
304 2 9.00000000 13.00000000 0.00000000 -0.12500000
304 3 7.00000000 9.00000000 0.12500000 0.00000000
305 0 11.00000000 7.12500000 -0.00000000 0.12500000
305 1 12.87500000 11.00000000 -0.12500000 0.00000000
305 2 9.00000000 12.87500000 0.00000000 -0.12500000
305 3 7.12500000 9.00000000 0.12500000 0.00000000
306 0 11.00000000 7.25000000 -0.00000000 0.12500000
306 1 12.75000000 11.00000000 -0.12500000 0.00000000
306 2 9.00000000 12.75000000 0.00000000 -0.12500000
306 3 7.25000000 9.00000000 0.12500000 0.00000000
307 0 11.00000000 7.37500000 -0.00000000 0.12500000
307 1 12.62500000 11.00000000 -0.12500000 0.00000000
307 2 9.00000000 12.62500000 0.00000000 -0.12500000
307 3 7.37500000 9.00000000 0.12500000 0.00000000
308 0 11.00000000 7.50000000 -0.00000000 0.12500000
308 1 12.50000000 11.00000000 -0.12500000 0.00000000
308 2 9.00000000 12.50000000 0.00000000 -0.12500000
308 3 7.50000000 9.00000000 0.12500000 0.00000000
309 0 11.00000000 7.62500000 -0.00000000 0.12500000
309 1 12.37500000 11.00000000 -0.12500000 0.00000000
309 2 9.00000000 12.37500000 0.00000000 -0.12500000
309 3 7.62500000 9.00000000 0.12500000 0.00000000
310 0 11.00000000 7.75000000 -0.00000000 0.12500000
310 1 12.25000000 11.00000000 -0.12500000 0.00000000
310 2 9.00000000 12.25000000 0.00000000 -0.12500000
310 3 7.75000000 9.00000000 0.12500000 0.00000000
311 0 11.00000000 7.87500000 -0.00000000 0.12500000
311 1 12.12500000 11.00000000 -0.12500000 0.00000000
311 2 9.00000000 12.12500000 0.00000000 -0.12500000
311 3 7.87500000 9.00000000 0.12500000 0.00000000
312 0 11.00000000 8.00000000 -0.00000000 0.12500000
312 1 12.00000000 11.00000000 -0.12500000 0.00000000
312 2 9.00000000 12.00000000 0.00000000 -0.12500000
312 3 8.00000000 9.00000000 0.12500000 0.00000000
313 0 11.00000000 8.12500000 -0.00000000 0.12500000
313 1 11.87500000 11.00000000 -0.12500000 0.00000000
313 2 9.00000000 11.87500000 0.00000000 -0.12500000
313 3 8.12500000 9.00000000 0.12500000 0.00000000
314 0 11.00000000 8.25000000 -0.00000000 0.12500000
314 1 11.75000000 11.00000000 -0.12500000 0.00000000
314 2 9.00000000 11.75000000 0.00000000 -0.12500000
314 3 8.25000000 9.00000000 0.12500000 0.00000000
315 0 11.00000000 8.37500000 -0.00000000 0.12500000
315 1 11.62500000 11.00000000 -0.12500000 0.00000000
315 2 9.00000000 11.62500000 0.00000000 -0.12500000
315 3 8.37500000 9.00000000 0.12500000 0.00000000
316 0 11.00000000 8.50000000 -0.00000000 0.12500000
316 1 11.50000000 11.00000000 -0.12500000 0.00000000
316 2 9.00000000 11.50000000 0.00000000 -0.12500000
316 3 8.50000000 9.00000000 0.12500000 0.00000000
317 0 11.00000000 8.62500000 -0.00000000 0.12500000
317 1 11.37500000 11.00000000 -0.12500000 0.00000000
317 2 9.00000000 11.37500000 0.00000000 -0.12500000
317 3 8.62500000 9.00000000 0.12500000 0.00000000
318 0 11.00000000 8.75000000 -0.00000000 0.12500000
318 1 11.25000000 11.00000000 -0.12500000 0.00000000
318 2 9.00000000 11.25000000 0.00000000 -0.12500000
318 3 8.75000000 9.00000000 0.12500000 0.00000000
319 0 11.00000000 8.87500000 -0.00000000 0.12500000
319 1 11.12500000 11.00000000 -0.12500000 0.00000000
319 2 9.00000000 11.12500000 0.00000000 -0.12500000
319 3 8.87500000 9.00000000 0.12500000 0.00000000
320 0 11.00000000 9.00000000 0.00000000 0.00000000
320 1 11.00000000 11.00000000 -0.12500000 0.12500000
320 2 9.00000000 11.00000000 0.00000000 0.00000000
320 3 9.00000000 9.00000000 0.12500000 -0.12500000
321 0 11.12500000 9.00000000 0.12500000 0.00000000
321 1 11.00000000 11.12500000 0.00000000 0.12500000
321 2 8.87500000 11.00000000 -0.12500000 0.00000000
321 3 9.00000000 8.87500000 -0.00000000 -0.12500000
322 0 11.25000000 9.00000000 0.12500000 0.00000000
322 1 11.00000000 11.25000000 0.00000000 0.12500000
322 2 8.75000000 11.00000000 -0.12500000 0.00000000
322 3 9.00000000 8.75000000 -0.00000000 -0.12500000
323 0 11.37500000 9.00000000 0.12500000 0.00000000
323 1 11.00000000 11.37500000 0.00000000 0.12500000
323 2 8.62500000 11.00000000 -0.12500000 0.00000000
323 3 9.00000000 8.62500000 -0.00000000 -0.12500000
324 0 11.50000000 9.00000000 0.12500000 0.00000000
324 1 11.00000000 11.50000000 0.00000000 0.12500000
324 2 8.50000000 11.00000000 -0.12500000 0.00000000
324 3 9.00000000 8.50000000 -0.00000000 -0.12500000
325 0 11.62500000 9.00000000 0.12500000 0.00000000
325 1 11.00000000 11.62500000 0.00000000 0.12500000
325 2 8.37500000 11.00000000 -0.12500000 0.00000000
325 3 9.00000000 8.37500000 -0.00000000 -0.12500000
326 0 11.75000000 9.00000000 0.12500000 0.00000000
326 1 11.00000000 11.75000000 0.00000000 0.12500000
326 2 8.25000000 11.00000000 -0.12500000 0.00000000
326 3 9.00000000 8.25000000 -0.00000000 -0.12500000
327 0 11.87500000 9.00000000 0.12500000 0.00000000
327 1 11.00000000 11.87500000 0.00000000 0.12500000
327 2 8.12500000 11.00000000 -0.12500000 0.00000000
327 3 9.00000000 8.12500000 -0.00000000 -0.12500000
328 0 12.00000000 9.00000000 0.12500000 0.00000000
328 1 11.00000000 12.00000000 0.00000000 0.12500000
328 2 8.00000000 11.00000000 -0.12500000 0.00000000
328 3 9.00000000 8.00000000 -0.00000000 -0.12500000
329 0 12.12500000 9.00000000 0.12500000 0.00000000
329 1 11.00000000 12.12500000 0.00000000 0.12500000
329 2 7.87500000 11.00000000 -0.12500000 0.00000000
329 3 9.00000000 7.87500000 -0.00000000 -0.12500000
330 0 12.25000000 9.00000000 0.12500000 0.00000000
330 1 11.00000000 12.25000000 0.00000000 0.12500000
330 2 7.75000000 11.00000000 -0.12500000 0.00000000
330 3 9.00000000 7.75000000 -0.00000000 -0.12500000
331 0 12.37500000 9.00000000 0.12500000 0.00000000
331 1 11.00000000 12.37500000 0.00000000 0.12500000
331 2 7.62500000 11.00000000 -0.12500000 0.00000000
331 3 9.00000000 7.62500000 -0.00000000 -0.12500000
332 0 12.50000000 9.00000000 0.12500000 0.00000000
332 1 11.00000000 12.50000000 0.00000000 0.12500000
332 2 7.50000000 11.00000000 -0.12500000 0.00000000
332 3 9.00000000 7.50000000 -0.00000000 -0.12500000
333 0 12.62500000 9.00000000 0.12500000 0.00000000
333 1 11.00000000 12.62500000 0.00000000 0.12500000
333 2 7.37500000 11.00000000 -0.12500000 0.00000000
333 3 9.00000000 7.37500000 -0.00000000 -0.12500000
334 0 12.75000000 9.00000000 0.12500000 0.00000000
334 1 11.00000000 12.75000000 0.00000000 0.12500000
334 2 7.25000000 11.00000000 -0.12500000 0.00000000
334 3 9.00000000 7.25000000 -0.00000000 -0.12500000
335 0 12.87500000 9.00000000 0.12500000 0.00000000
335 1 11.00000000 12.87500000 0.00000000 0.12500000
335 2 7.12500000 11.00000000 -0.12500000 0.00000000
335 3 9.00000000 7.12500000 -0.00000000 -0.12500000
336 0 13.00000000 9.00000000 0.12500000 0.00000000
336 1 11.00000000 13.00000000 0.00000000 0.12500000
336 2 7.00000000 11.00000000 -0.12500000 0.00000000
336 3 9.00000000 7.00000000 -0.00000000 -0.12500000
337 0 13.12500000 9.00000000 0.12500000 0.00000000
337 1 11.00000000 13.12500000 0.00000000 0.12500000
337 2 6.87500000 11.00000000 -0.12500000 0.00000000
337 3 9.00000000 6.87500000 -0.00000000 -0.12500000
338 0 13.25000000 9.00000000 0.12500000 0.00000000
338 1 11.00000000 13.25000000 0.00000000 0.12500000
338 2 6.75000000 11.00000000 -0.12500000 0.00000000
338 3 9.00000000 6.75000000 -0.00000000 -0.12500000
339 0 13.37500000 9.00000000 0.12500000 0.00000000
339 1 11.00000000 13.37500000 0.00000000 0.12500000
339 2 6.62500000 11.00000000 -0.12500000 0.00000000
339 3 9.00000000 6.62500000 -0.00000000 -0.12500000
340 0 13.50000000 9.00000000 0.12500000 0.00000000
340 1 11.00000000 13.50000000 0.00000000 0.12500000
340 2 6.50000000 11.00000000 -0.12500000 0.00000000
340 3 9.00000000 6.50000000 -0.00000000 -0.12500000
341 0 13.62500000 9.00000000 0.12500000 0.00000000
341 1 11.00000000 13.62500000 0.00000000 0.12500000
341 2 6.37500000 11.00000000 -0.12500000 0.00000000
341 3 9.00000000 6.37500000 -0.00000000 -0.12500000
342 0 13.75000000 9.00000000 0.12500000 0.00000000
342 1 11.00000000 13.75000000 0.00000000 0.12500000
342 2 6.25000000 11.00000000 -0.12500000 0.00000000
342 3 9.00000000 6.25000000 -0.00000000 -0.12500000
343 0 13.87500000 9.00000000 0.12500000 0.00000000
343 1 11.00000000 13.87500000 0.00000000 0.12500000
343 2 6.12500000 11.00000000 -0.12500000 0.00000000
343 3 9.00000000 6.12500000 -0.00000000 -0.12500000
344 0 14.00000000 9.00000000 0.12500000 0.00000000
344 1 11.00000000 14.00000000 0.00000000 0.12500000
344 2 6.00000000 11.00000000 -0.12500000 0.00000000
344 3 9.00000000 6.00000000 -0.00000000 -0.12500000
345 0 14.12500000 9.00000000 0.12500000 0.00000000
345 1 11.00000000 14.12500000 0.00000000 0.12500000
345 2 5.87500000 11.00000000 -0.12500000 0.00000000
345 3 9.00000000 5.87500000 -0.00000000 -0.12500000
346 0 14.25000000 9.00000000 0.12500000 0.00000000
346 1 11.00000000 14.25000000 0.00000000 0.12500000
346 2 5.75000000 11.00000000 -0.12500000 0.00000000
346 3 9.00000000 5.75000000 -0.00000000 -0.12500000
347 0 14.37500000 9.00000000 0.12500000 0.00000000
347 1 11.00000000 14.37500000 0.00000000 0.12500000
347 2 5.62500000 11.00000000 -0.12500000 0.00000000
347 3 9.00000000 5.62500000 -0.00000000 -0.12500000
348 0 14.50000000 9.00000000 0.12500000 0.00000000
348 1 11.00000000 14.50000000 0.00000000 0.12500000
348 2 5.50000000 11.00000000 -0.12500000 0.00000000
348 3 9.00000000 5.50000000 -0.00000000 -0.12500000
349 0 14.62500000 9.00000000 0.12500000 0.00000000
349 1 11.00000000 14.62500000 0.00000000 0.12500000
349 2 5.37500000 11.00000000 -0.12500000 0.00000000
349 3 9.00000000 5.37500000 -0.00000000 -0.12500000
350 0 14.75000000 9.00000000 0.12500000 0.00000000
350 1 11.00000000 14.75000000 0.00000000 0.12500000
350 2 5.25000000 11.00000000 -0.12500000 0.00000000
350 3 9.00000000 5.25000000 -0.00000000 -0.12500000
351 0 14.87500000 9.00000000 0.12500000 0.00000000
351 1 11.00000000 14.87500000 0.00000000 0.12500000
351 2 5.12500000 11.00000000 -0.12500000 0.00000000
351 3 9.00000000 5.12500000 -0.00000000 -0.12500000
352 0 15.00000000 9.00000000 0.12500000 0.00000000
352 1 11.00000000 15.00000000 0.00000000 0.12500000
352 2 5.00000000 11.00000000 -0.12500000 0.00000000
352 3 9.00000000 5.00000000 -0.00000000 -0.12500000
353 0 15.12500000 9.00000000 0.12500000 0.00000000
353 1 11.00000000 15.12500000 0.00000000 0.12500000
353 2 4.87500000 11.00000000 -0.12500000 0.00000000
353 3 9.00000000 4.87500000 -0.00000000 -0.12500000
354 0 15.25000000 9.00000000 0.12500000 0.00000000
354 1 11.00000000 15.25000000 0.00000000 0.12500000
354 2 4.75000000 11.00000000 -0.12500000 0.00000000
354 3 9.00000000 4.75000000 -0.00000000 -0.12500000
355 0 15.37500000 9.00000000 0.12500000 0.00000000
355 1 11.00000000 15.37500000 0.00000000 0.12500000
355 2 4.62500000 11.00000000 -0.12500000 0.00000000
355 3 9.00000000 4.62500000 -0.00000000 -0.12500000
356 0 15.50000000 9.00000000 0.12500000 0.00000000
356 1 11.00000000 15.50000000 0.00000000 0.12500000
356 2 4.50000000 11.00000000 -0.12500000 0.00000000
356 3 9.00000000 4.50000000 -0.00000000 -0.12500000
357 0 15.62500000 9.00000000 0.12500000 0.00000000
357 1 11.00000000 15.62500000 0.00000000 0.12500000
357 2 4.37500000 11.00000000 -0.12500000 0.00000000
357 3 9.00000000 4.37500000 -0.00000000 -0.12500000
358 0 15.75000000 9.00000000 0.12500000 0.00000000
358 1 11.00000000 15.75000000 0.00000000 0.12500000
358 2 4.25000000 11.00000000 -0.12500000 0.00000000
358 3 9.00000000 4.25000000 -0.00000000 -0.12500000
359 0 15.87500000 9.00000000 0.12500000 0.00000000
359 1 11.00000000 15.87500000 0.00000000 0.12500000
359 2 4.12500000 11.00000000 -0.12500000 0.00000000
359 3 9.00000000 4.12500000 -0.00000000 -0.12500000
360 0 16.00000000 9.00000000 0.12500000 0.00000000
360 1 11.00000000 16.00000000 0.00000000 0.12500000
360 2 4.00000000 11.00000000 -0.12500000 0.00000000
360 3 9.00000000 4.00000000 -0.00000000 -0.12500000
361 0 16.12500000 9.00000000 0.12500000 0.00000000
361 1 11.00000000 16.12500000 0.00000000 0.12500000
361 2 3.87500000 11.00000000 -0.12500000 0.00000000
361 3 9.00000000 3.87500000 -0.00000000 -0.12500000
362 0 16.25000000 9.00000000 0.12500000 0.00000000
362 1 11.00000000 16.25000000 0.00000000 0.12500000
362 2 3.75000000 11.00000000 -0.12500000 0.00000000
362 3 9.00000000 3.75000000 -0.00000000 -0.12500000
363 0 16.37500000 9.00000000 0.12500000 0.00000000
363 1 11.00000000 16.37500000 0.00000000 0.12500000
363 2 3.62500000 11.00000000 -0.12500000 0.00000000
363 3 9.00000000 3.62500000 -0.00000000 -0.12500000
364 0 16.50000000 9.00000000 0.12500000 0.00000000
364 1 11.00000000 16.50000000 0.00000000 0.12500000
364 2 3.50000000 11.00000000 -0.12500000 0.00000000
364 3 9.00000000 3.50000000 -0.00000000 -0.12500000
365 0 16.62500000 9.00000000 0.12500000 0.00000000
365 1 11.00000000 16.62500000 0.00000000 0.12500000
365 2 3.37500000 11.00000000 -0.12500000 0.00000000
365 3 9.00000000 3.37500000 -0.00000000 -0.12500000
366 0 16.75000000 9.00000000 0.12500000 0.00000000
366 1 11.00000000 16.75000000 0.00000000 0.12500000
366 2 3.25000000 11.00000000 -0.12500000 0.00000000
366 3 9.00000000 3.25000000 -0.00000000 -0.12500000
367 0 16.87500000 9.00000000 0.12500000 0.00000000
367 1 11.00000000 16.87500000 0.00000000 0.12500000
367 2 3.12500000 11.00000000 -0.12500000 0.00000000
367 3 9.00000000 3.12500000 -0.00000000 -0.12500000
368 0 17.00000000 9.00000000 0.12500000 0.00000000
368 1 11.00000000 17.00000000 0.00000000 0.12500000
368 2 3.00000000 11.00000000 -0.12500000 0.00000000
368 3 9.00000000 3.00000000 -0.00000000 -0.12500000
369 0 17.12500000 9.00000000 0.12500000 0.00000000
369 1 11.00000000 17.12500000 0.00000000 0.12500000
369 2 2.87500000 11.00000000 -0.12500000 0.00000000
369 3 9.00000000 2.87500000 -0.00000000 -0.12500000
370 0 17.25000000 9.00000000 0.12500000 0.00000000
370 1 11.00000000 17.25000000 0.00000000 0.12500000
370 2 2.75000000 11.00000000 -0.12500000 0.00000000
370 3 9.00000000 2.75000000 -0.00000000 -0.12500000
371 0 17.37500000 9.00000000 0.12500000 0.00000000
371 1 11.00000000 17.37500000 0.00000000 0.12500000
371 2 2.62500000 11.00000000 -0.12500000 0.00000000
371 3 9.00000000 2.62500000 -0.00000000 -0.12500000
372 0 17.50000000 9.00000000 0.12500000 0.00000000
372 1 11.00000000 17.50000000 0.00000000 0.12500000
372 2 2.50000000 11.00000000 -0.12500000 0.00000000
372 3 9.00000000 2.50000000 -0.00000000 -0.12500000
373 0 17.62500000 9.00000000 0.12500000 0.00000000
373 1 11.00000000 17.62500000 0.00000000 0.12500000
373 2 2.37500000 11.00000000 -0.12500000 0.00000000
373 3 9.00000000 2.37500000 -0.00000000 -0.12500000
374 0 17.75000000 9.00000000 0.12500000 0.00000000
374 1 11.00000000 17.75000000 0.00000000 0.12500000
374 2 2.25000000 11.00000000 -0.12500000 0.00000000
374 3 9.00000000 2.25000000 -0.00000000 -0.12500000
375 0 17.87500000 9.00000000 0.12500000 0.00000000
375 1 11.00000000 17.87500000 0.00000000 0.12500000
375 2 2.12500000 11.00000000 -0.12500000 0.00000000
375 3 9.00000000 2.12500000 -0.00000000 -0.12500000
376 0 18.00000000 9.00000000 0.12500000 0.00000000
376 1 11.00000000 18.00000000 0.00000000 0.12500000
376 2 2.00000000 11.00000000 -0.12500000 0.00000000
376 3 9.00000000 2.00000000 -0.00000000 -0.12500000
377 0 18.12500000 9.00000000 0.12500000 0.00000000
377 1 11.00000000 18.12500000 0.00000000 0.12500000
377 2 1.87500000 11.00000000 -0.12500000 0.00000000
377 3 9.00000000 1.87500000 -0.00000000 -0.12500000
378 0 18.25000000 9.00000000 0.12500000 0.00000000
378 1 11.00000000 18.25000000 0.00000000 0.12500000
378 2 1.75000000 11.00000000 -0.12500000 0.00000000
378 3 9.00000000 1.75000000 -0.00000000 -0.12500000
379 0 18.37500000 9.00000000 0.12500000 0.00000000
379 1 11.00000000 18.37500000 0.00000000 0.12500000
379 2 1.62500000 11.00000000 -0.12500000 0.00000000
379 3 9.00000000 1.62500000 -0.00000000 -0.12500000
380 0 18.50000000 9.00000000 0.12500000 0.00000000
380 1 11.00000000 18.50000000 0.00000000 0.12500000
380 2 1.50000000 11.00000000 -0.12500000 0.00000000
380 3 9.00000000 1.50000000 -0.00000000 -0.12500000
381 0 18.62500000 9.00000000 0.12500000 0.00000000
381 1 11.00000000 18.62500000 0.00000000 0.12500000
381 2 1.37500000 11.00000000 -0.12500000 0.00000000
381 3 9.00000000 1.37500000 -0.00000000 -0.12500000
382 0 18.75000000 9.00000000 0.12500000 0.00000000
382 1 11.00000000 18.75000000 0.00000000 0.12500000
382 2 1.25000000 11.00000000 -0.12500000 0.00000000
382 3 9.00000000 1.25000000 -0.00000000 -0.12500000
383 0 18.87500000 9.00000000 0.12500000 0.00000000
383 1 11.00000000 18.87500000 0.00000000 0.12500000
383 2 1.12500000 11.00000000 -0.12500000 0.00000000
383 3 9.00000000 1.12500000 -0.00000000 -0.12500000
384 0 19.00000000 9.00000000 -0.12500000 0.00000000
384 1 11.00000000 19.00000000 0.00000000 -0.12500000
384 2 1.00000000 11.00000000 0.12500000 0.00000000
384 3 9.00000000 1.00000000 -0.00000000 0.12500000
385 0 18.87500000 9.00000000 -0.12500000 0.00000000
385 1 11.00000000 18.87500000 0.00000000 -0.12500000
385 2 1.12500000 11.00000000 0.12500000 0.00000000
385 3 9.00000000 1.12500000 -0.00000000 0.12500000
386 0 18.75000000 9.00000000 -0.12500000 0.00000000
386 1 11.00000000 18.75000000 0.00000000 -0.12500000
386 2 1.25000000 11.00000000 0.12500000 0.00000000
386 3 9.00000000 1.25000000 -0.00000000 0.12500000
387 0 18.62500000 9.00000000 -0.12500000 0.00000000
387 1 11.00000000 18.62500000 0.00000000 -0.12500000
387 2 1.37500000 11.00000000 0.12500000 0.00000000
387 3 9.00000000 1.37500000 -0.00000000 0.12500000
388 0 18.50000000 9.00000000 -0.12500000 0.00000000
388 1 11.00000000 18.50000000 0.00000000 -0.12500000
388 2 1.50000000 11.00000000 0.12500000 0.00000000
388 3 9.00000000 1.50000000 -0.00000000 0.12500000
389 0 18.37500000 9.00000000 -0.12500000 0.00000000
389 1 11.00000000 18.37500000 0.00000000 -0.12500000
389 2 1.62500000 11.00000000 0.12500000 0.00000000
389 3 9.00000000 1.62500000 -0.00000000 0.12500000
390 0 18.25000000 9.00000000 -0.12500000 0.00000000
390 1 11.00000000 18.25000000 0.00000000 -0.12500000
390 2 1.75000000 11.00000000 0.12500000 0.00000000
390 3 9.00000000 1.75000000 -0.00000000 0.12500000
391 0 18.12500000 9.00000000 -0.12500000 0.00000000
391 1 11.00000000 18.12500000 0.00000000 -0.12500000
391 2 1.87500000 11.00000000 0.12500000 0.00000000
391 3 9.00000000 1.87500000 -0.00000000 0.12500000
392 0 18.00000000 9.00000000 -0.12500000 0.00000000
392 1 11.00000000 18.00000000 0.00000000 -0.12500000
392 2 2.00000000 11.00000000 0.12500000 0.00000000
392 3 9.00000000 2.00000000 -0.00000000 0.12500000
393 0 17.87500000 9.00000000 -0.12500000 0.00000000
393 1 11.00000000 17.87500000 0.00000000 -0.12500000
393 2 2.12500000 11.00000000 0.12500000 0.00000000
393 3 9.00000000 2.12500000 -0.00000000 0.12500000
394 0 17.75000000 9.00000000 -0.12500000 0.00000000
394 1 11.00000000 17.75000000 0.00000000 -0.12500000
394 2 2.25000000 11.00000000 0.12500000 0.00000000
394 3 9.00000000 2.25000000 -0.00000000 0.12500000
395 0 17.62500000 9.00000000 -0.12500000 0.00000000
395 1 11.00000000 17.62500000 0.00000000 -0.12500000
395 2 2.37500000 11.00000000 0.12500000 0.00000000
395 3 9.00000000 2.37500000 -0.00000000 0.12500000
396 0 17.50000000 9.00000000 -0.12500000 0.00000000
396 1 11.00000000 17.50000000 0.00000000 -0.12500000
396 2 2.50000000 11.00000000 0.12500000 0.00000000
396 3 9.00000000 2.50000000 -0.00000000 0.12500000
397 0 17.37500000 9.00000000 -0.12500000 0.00000000
397 1 11.00000000 17.37500000 0.00000000 -0.12500000
397 2 2.62500000 11.00000000 0.12500000 0.00000000
397 3 9.00000000 2.62500000 -0.00000000 0.12500000
398 0 17.25000000 9.00000000 -0.12500000 0.00000000
398 1 11.00000000 17.25000000 0.00000000 -0.12500000
398 2 2.75000000 11.00000000 0.12500000 0.00000000
398 3 9.00000000 2.75000000 -0.00000000 0.12500000
399 0 17.12500000 9.00000000 -0.12500000 0.00000000
399 1 11.00000000 17.12500000 0.00000000 -0.12500000
399 2 2.87500000 11.00000000 0.12500000 0.00000000
399 3 9.00000000 2.87500000 -0.00000000 0.12500000
400 0 17.00000000 9.00000000 -0.12500000 0.00000000 6 3
400 1 11.00000000 17.00000000 0.00000000 -0.12500000 6 3
400 2 3.00000000 11.00000000 0.12500000 0.00000000 6 3
400 3 9.00000000 3.00000000 -0.00000000 0.12500000 6 3
